<?xml version="1.0" encoding="UTF-8"?>
<testsuites tests="2" failures="0" errors="0" skipped="0">
  <testsuite name="Detail Page Suite" timestamp="2024-07-24T11:51:11" time="31.957" tests="2" failures="0" errors="0" skipped="0">
    <properties>
      <property name="specId" value="0"/>
      <property name="suiteName" value="Detail Page Suite"/>
      <property name="capabilities" value="chrome.126_0_6478_128.windows"/>
      <property name="file" value="file:///C:/Users/ahsham.khan/Desktop/WebDriver/BayutVisuals/test/specs/DetailPage.specs.js"/>
    </properties>
    <testcase classname="chrome.126_0_6478_128.windows.Detail_Page_Suite" name="Verify Agent Agency card" time="18.206">
      <system-out><![CDATA[
COMMAND: POST /session/3e6bd117435f4cf4cbeeb2d51bf65403/window/maximize - {}
COMMAND: DELETE /session/3e6bd117435f4cf4cbeeb2d51bf65403/cookie - {}
COMMAND: POST /session/3e6bd117435f4cf4cbeeb2d51bf65403/element - {"using":"xpath","value":"//div[@aria-label=\"Agency info\" and @class=\"_948d9e0a e6c84807 _95d4067f\"]"}
COMMAND: POST /session/3e6bd117435f4cf4cbeeb2d51bf65403/url - {"url":"https://sl:getin1@stage.bayut.sector.run/property/details-6331676.html"}
RESULT: {}
RESULT: {}
RESULT: {"using":"xpath","value":"//div[@aria-label=\"Agency info\" and @class=\"_948d9e0a e6c84807 _95d4067f\"]"}
COMMAND: POST /session/3e6bd117435f4cf4cbeeb2d51bf65403/elements - {"using":"xpath","value":"//div[@aria-label=\"Agency info\" and @class=\"_948d9e0a e6c84807 _95d4067f\"]"}
RESULT: {"url":"https://sl:getin1@stage.bayut.sector.run/property/details-6331676.html"}
RESULT: {"using":"xpath","value":"//div[@aria-label=\"Agency info\" and @class=\"_948d9e0a e6c84807 _95d4067f\"]"}
COMMAND: POST /session/3e6bd117435f4cf4cbeeb2d51bf65403/elements - {"using":"xpath","value":"//div[@aria-label=\"Agency info\" and @class=\"_948d9e0a e6c84807 _95d4067f\"]"}
RESULT: {"using":"xpath","value":"//div[@aria-label=\"Agency info\" and @class=\"_948d9e0a e6c84807 _95d4067f\"]"}
COMMAND: POST /session/3e6bd117435f4cf4cbeeb2d51bf65403/element - {"using":"xpath","value":"//div[@aria-label=\"Agency info\" and @class=\"_948d9e0a e6c84807 _95d4067f\"]"}
RESULT: {"using":"xpath","value":"//div[@aria-label=\"Agency info\" and @class=\"_948d9e0a e6c84807 _95d4067f\"]"}
COMMAND: GET /session/3e6bd117435f4cf4cbeeb2d51bf65403/element/f.D2C0FFDFAC625EDF9AD30DEB27AE5FA8.d.5D738E16EE4E07E82FCB519C983EF875.e.63/rect - {}
RESULT: {}
COMMAND: GET /session/3e6bd117435f4cf4cbeeb2d51bf65403/window/rect - {}
RESULT: {}
COMMAND: POST /session/3e6bd117435f4cf4cbeeb2d51bf65403/execute/sync - {"script":"return (() => [\n        window.scrollX, window.scrollY\n    ]).apply(null, arguments)","args":[]}
RESULT: {"script":"return (() => [\n        window.scrollX, window.scrollY\n    ]).apply(null, arguments)","args":[]}
COMMAND: POST /session/3e6bd117435f4cf4cbeeb2d51bf65403/actions - {"actions":[{"id":"action1","type":"wheel","parameters":{},"actions":[{"type":"scroll","x":0,"y":0,"deltaX":-194,"deltaY":775,"duration":200,"origin":{"element-6066-11e4-a52e-4f735466cecf":"f.D2C0FFDFAC625EDF9AD30DEB27AE5FA8.d.5D738E16EE4E07E82FCB519C983EF875.e.63"}}]}]}
RESULT: {"actions":[{"id":"action1","type":"wheel","parameters":{},"actions":[{"type":"scroll","x":0,"y":0,"deltaX":-194,"deltaY":775,"duration":200,"origin":{"element-6066-11e4-a52e-4f735466cecf":"f.D2C0FFDFAC625EDF9AD30DEB27AE5FA8.d.5D738E16EE4E07E82FCB519C983EF875.e.63"}}]}]}
COMMAND: DELETE /session/3e6bd117435f4cf4cbeeb2d51bf65403/actions - {}
RESULT: {}
COMMAND: POST /session/3e6bd117435f4cf4cbeeb2d51bf65403/execute/sync - {"script":"return (function hideScrollBars(hide) {\n    try {\n        if (hide) {\n            document.body.style.overflow = 'hidden';\n        }\n        else {\n            document.body.style.overflow = '';\n        }\n    }\n    catch (e) {\n    }\n}).apply(null, arguments)","args":[true]}
RESULT: {"script":"return (function hideScrollBars(hide) {\n    try {\n        if (hide) {\n            document.body.style.overflow = 'hidden';\n        }\n        else {\n            document.body.style.overflow = '';\n        }\n    }\n    catch (e) {\n    }\n}).apply(null, arguments)","args":[true]}
COMMAND: POST /session/3e6bd117435f4cf4cbeeb2d51bf65403/execute/sync - {"script":"return (function getScreenDimensions() {\n    var body = document.body;\n    var html = document.documentElement;\n    var bodyDimensions = {\n        scrollHeight: body == null ? 0 : body.scrollHeight,\n  ... (1101 more bytes)","args":[]}
RESULT: {"script":"return (function getScreenDimensions() {\n    var body = document.body;\n    var html = document.documentElement;\n    var bodyDimensions = {\n        scrollHeight: body == null ? 0 : body.scrollHeight,\n  ... (1101 more bytes)","args":[]}
COMMAND: GET /session/3e6bd117435f4cf4cbeeb2d51bf65403/screenshot - {}
RESULT: {}
COMMAND: POST /session/3e6bd117435f4cf4cbeeb2d51bf65403/execute/sync - {"script":"return (function hideScrollBars(hide) {\n    try {\n        if (hide) {\n            document.body.style.overflow = 'hidden';\n        }\n        else {\n            document.body.style.overflow = '';\n        }\n    }\n    catch (e) {\n    }\n}).apply(null, arguments)","args":[false]}
RESULT: {"script":"return (function hideScrollBars(hide) {\n    try {\n        if (hide) {\n            document.body.style.overflow = 'hidden';\n        }\n        else {\n            document.body.style.overflow = '';\n        }\n    }\n    catch (e) {\n    }\n}).apply(null, arguments)","args":[false]}
RESULT: undefined
COMMAND: POST /session/3e6bd117435f4cf4cbeeb2d51bf65403/window/maximize - {}
COMMAND: DELETE /session/3e6bd117435f4cf4cbeeb2d51bf65403/cookie - {}
COMMAND: POST /session/3e6bd117435f4cf4cbeeb2d51bf65403/execute/sync - {"script":"return (() => document.readyState === 'complete').apply(null, arguments)","args":[]}
COMMAND: POST /session/3e6bd117435f4cf4cbeeb2d51bf65403/execute/sync - {"script":"return (function hideScrollBars(hide) {\n    try {\n        if (hide) {\n            document.body.style.overflow = 'hidden';\n        }\n        else {\n            document.body.style.overflow = '';\n        }\n    }\n    catch (e) {\n    }\n}).apply(null, arguments)","args":[true]}
COMMAND: POST /session/3e6bd117435f4cf4cbeeb2d51bf65403/url - {"url":"https://www.bayut.com/property/details-6331676.html"}
RESULT: {}
RESULT: {}
RESULT: {"script":"return (() => document.readyState === 'complete').apply(null, arguments)","args":[]}
RESULT: {"script":"return (function hideScrollBars(hide) {\n    try {\n        if (hide) {\n            document.body.style.overflow = 'hidden';\n        }\n        else {\n            document.body.style.overflow = '';\n        }\n    }\n    catch (e) {\n    }\n}).apply(null, arguments)","args":[true]}
COMMAND: POST /session/3e6bd117435f4cf4cbeeb2d51bf65403/execute/sync - {"script":"return (function getScreenDimensions() {\n    var body = document.body;\n    var html = document.documentElement;\n    var bodyDimensions = {\n        scrollHeight: body == null ? 0 : body.scrollHeight,\n  ... (1101 more bytes)","args":[]}
RESULT: {"url":"https://www.bayut.com/property/details-6331676.html"}
RESULT: {"script":"return (function getScreenDimensions() {\n    var body = document.body;\n    var html = document.documentElement;\n    var bodyDimensions = {\n        scrollHeight: body == null ? 0 : body.scrollHeight,\n  ... (1101 more bytes)","args":[]}
COMMAND: GET /session/3e6bd117435f4cf4cbeeb2d51bf65403/screenshot - {}
RESULT: {}
COMMAND: POST /session/3e6bd117435f4cf4cbeeb2d51bf65403/execute/sync - {"script":"return (function hideScrollBars(hide) {\n    try {\n        if (hide) {\n            document.body.style.overflow = 'hidden';\n        }\n        else {\n            document.body.style.overflow = '';\n        }\n    }\n    catch (e) {\n    }\n}).apply(null, arguments)","args":[false]}
RESULT: {"script":"return (function hideScrollBars(hide) {\n    try {\n        if (hide) {\n            document.body.style.overflow = 'hidden';\n        }\n        else {\n            document.body.style.overflow = '';\n        }\n    }\n    catch (e) {\n    }\n}).apply(null, arguments)","args":[false]}
RESULT: undefined
]]></system-out>
    </testcase>
    <testcase classname="chrome.126_0_6478_128.windows.Detail_Page_Suite" name="Verify Agent Agency card 2" time="13.743">
      <system-out><![CDATA[
COMMAND: POST /session/3e6bd117435f4cf4cbeeb2d51bf65403/window/maximize - {}
COMMAND: DELETE /session/3e6bd117435f4cf4cbeeb2d51bf65403/cookie - {}
COMMAND: POST /session/3e6bd117435f4cf4cbeeb2d51bf65403/element - {"using":"xpath","value":"//div[@aria-label=\"Agency info\" and @class=\"_948d9e0a e6c84807 _95d4067f\"]"}
COMMAND: POST /session/3e6bd117435f4cf4cbeeb2d51bf65403/url - {"url":"https://sl:getin1@stage.bayut.sector.run/property/details-6331676.html"}
RESULT: {}
RESULT: {}
RESULT: {"using":"xpath","value":"//div[@aria-label=\"Agency info\" and @class=\"_948d9e0a e6c84807 _95d4067f\"]"}
COMMAND: POST /session/3e6bd117435f4cf4cbeeb2d51bf65403/elements - {"using":"xpath","value":"//div[@aria-label=\"Agency info\" and @class=\"_948d9e0a e6c84807 _95d4067f\"]"}
RESULT: {"url":"https://sl:getin1@stage.bayut.sector.run/property/details-6331676.html"}
RESULT: {"using":"xpath","value":"//div[@aria-label=\"Agency info\" and @class=\"_948d9e0a e6c84807 _95d4067f\"]"}
COMMAND: GET /session/3e6bd117435f4cf4cbeeb2d51bf65403/element/f.D2C0FFDFAC625EDF9AD30DEB27AE5FA8.d.A5CB64BB37E30FF88D3E372FDF604E5C.e.47/rect - {}
COMMAND: POST /session/3e6bd117435f4cf4cbeeb2d51bf65403/element - {"using":"xpath","value":"//div[@aria-label=\"Agency info\" and @class=\"_948d9e0a e6c84807 _95d4067f\"]"}
RESULT: {"using":"xpath","value":"//div[@aria-label=\"Agency info\" and @class=\"_948d9e0a e6c84807 _95d4067f\"]"}
COMMAND: GET /session/3e6bd117435f4cf4cbeeb2d51bf65403/element/f.D2C0FFDFAC625EDF9AD30DEB27AE5FA8.d.E50D699CA5A1BC1AE1A714D664DEF675.e.49/rect - {}
RESULT: {}
COMMAND: GET /session/3e6bd117435f4cf4cbeeb2d51bf65403/window/rect - {}
RESULT: {}
COMMAND: POST /session/3e6bd117435f4cf4cbeeb2d51bf65403/execute/sync - {"script":"return (() => [\n        window.scrollX, window.scrollY\n    ]).apply(null, arguments)","args":[]}
RESULT: {"script":"return (() => [\n        window.scrollX, window.scrollY\n    ]).apply(null, arguments)","args":[]}
COMMAND: POST /session/3e6bd117435f4cf4cbeeb2d51bf65403/actions - {"actions":[{"id":"action2","type":"wheel","parameters":{},"actions":[{"type":"scroll","x":0,"y":0,"deltaX":-194,"deltaY":775,"duration":200,"origin":{"element-6066-11e4-a52e-4f735466cecf":"f.D2C0FFDFAC625EDF9AD30DEB27AE5FA8.d.A5CB64BB37E30FF88D3E372FDF604E5C.e.47"}}]}]}
COMMAND: POST /session/3e6bd117435f4cf4cbeeb2d51bf65403/execute/sync - {"script":"return ((elem, options) => elem.scrollIntoView(options)).apply(null, arguments)","args":[{"element-6066-11e4-a52e-4f735466cecf":"f.D2C0FFDFAC625EDF9AD30DEB27AE5FA8.d.E50D699CA5A1BC1AE1A714D664DEF675.e.49","ELEMENT":"f.D2C0FFDFAC625EDF9AD30DEB27AE5FA8.d.E50D699CA5A1BC1AE1A714D664DEF675.e.49"},{"block":"start","inline":"nearest"}]}
RESULT: {"script":"return ((elem, options) => elem.scrollIntoView(options)).apply(null, arguments)","args":[{"element-6066-11e4-a52e-4f735466cecf":"f.D2C0FFDFAC625EDF9AD30DEB27AE5FA8.d.E50D699CA5A1BC1AE1A714D664DEF675.e.49","ELEMENT":"f.D2C0FFDFAC625EDF9AD30DEB27AE5FA8.d.E50D699CA5A1BC1AE1A714D664DEF675.e.49"},{"block":"start","inline":"nearest"}]}
COMMAND: POST /session/3e6bd117435f4cf4cbeeb2d51bf65403/execute/sync - {"script":"return (function hideScrollBars(hide) {\n    try {\n        if (hide) {\n            document.body.style.overflow = 'hidden';\n        }\n        else {\n            document.body.style.overflow = '';\n        }\n    }\n    catch (e) {\n    }\n}).apply(null, arguments)","args":[true]}
RESULT: {"script":"return (function hideScrollBars(hide) {\n    try {\n        if (hide) {\n            document.body.style.overflow = 'hidden';\n        }\n        else {\n            document.body.style.overflow = '';\n        }\n    }\n    catch (e) {\n    }\n}).apply(null, arguments)","args":[true]}
COMMAND: POST /session/3e6bd117435f4cf4cbeeb2d51bf65403/execute/sync - {"script":"return (function getScreenDimensions() {\n    var body = document.body;\n    var html = document.documentElement;\n    var bodyDimensions = {\n        scrollHeight: body == null ? 0 : body.scrollHeight,\n  ... (1101 more bytes)","args":[]}
RESULT: {"script":"return (function getScreenDimensions() {\n    var body = document.body;\n    var html = document.documentElement;\n    var bodyDimensions = {\n        scrollHeight: body == null ? 0 : body.scrollHeight,\n  ... (1101 more bytes)","args":[]}
COMMAND: GET /session/3e6bd117435f4cf4cbeeb2d51bf65403/screenshot - {}
RESULT: {}
COMMAND: POST /session/3e6bd117435f4cf4cbeeb2d51bf65403/execute/sync - {"script":"return (function hideScrollBars(hide) {\n    try {\n        if (hide) {\n            document.body.style.overflow = 'hidden';\n        }\n        else {\n            document.body.style.overflow = '';\n        }\n    }\n    catch (e) {\n    }\n}).apply(null, arguments)","args":[false]}
RESULT: {"script":"return (function hideScrollBars(hide) {\n    try {\n        if (hide) {\n            document.body.style.overflow = 'hidden';\n        }\n        else {\n            document.body.style.overflow = '';\n        }\n    }\n    catch (e) {\n    }\n}).apply(null, arguments)","args":[false]}
RESULT: undefined
COMMAND: POST /session/3e6bd117435f4cf4cbeeb2d51bf65403/window/maximize - {}
COMMAND: DELETE /session/3e6bd117435f4cf4cbeeb2d51bf65403/cookie - {}
COMMAND: POST /session/3e6bd117435f4cf4cbeeb2d51bf65403/execute/sync - {"script":"return (() => document.readyState === 'complete').apply(null, arguments)","args":[]}
COMMAND: POST /session/3e6bd117435f4cf4cbeeb2d51bf65403/element - {"using":"xpath","value":"//div[@aria-label=\"Agency info\" and @class=\"_948d9e0a e6c84807 _95d4067f\"]"}
COMMAND: POST /session/3e6bd117435f4cf4cbeeb2d51bf65403/url - {"url":"https://www.bayut.com/property/details-6331676.html"}
RESULT: {}
RESULT: {}
RESULT: {"script":"return (() => document.readyState === 'complete').apply(null, arguments)","args":[]}
RESULT: {"using":"xpath","value":"//div[@aria-label=\"Agency info\" and @class=\"_948d9e0a e6c84807 _95d4067f\"]"}
COMMAND: POST /session/3e6bd117435f4cf4cbeeb2d51bf65403/elements - {"using":"xpath","value":"//div[@aria-label=\"Agency info\" and @class=\"_948d9e0a e6c84807 _95d4067f\"]"}
RESULT: {"url":"https://www.bayut.com/property/details-6331676.html"}
RESULT: {"using":"xpath","value":"//div[@aria-label=\"Agency info\" and @class=\"_948d9e0a e6c84807 _95d4067f\"]"}
COMMAND: GET /session/3e6bd117435f4cf4cbeeb2d51bf65403/element/f.D2C0FFDFAC625EDF9AD30DEB27AE5FA8.d.E50D699CA5A1BC1AE1A714D664DEF675.e.49/rect - {}
COMMAND: POST /session/3e6bd117435f4cf4cbeeb2d51bf65403/element - {"using":"xpath","value":"//div[@aria-label=\"Agency info\" and @class=\"_948d9e0a e6c84807 _95d4067f\"]"}
RESULT: {"using":"xpath","value":"//div[@aria-label=\"Agency info\" and @class=\"_948d9e0a e6c84807 _95d4067f\"]"}
COMMAND: GET /session/3e6bd117435f4cf4cbeeb2d51bf65403/element/f.D2C0FFDFAC625EDF9AD30DEB27AE5FA8.d.C18A72400FDEFF5BCD3C5F8C18CA7C62.e.64/rect - {}
RESULT: {}
COMMAND: GET /session/3e6bd117435f4cf4cbeeb2d51bf65403/window/rect - {}
RESULT: {}
COMMAND: POST /session/3e6bd117435f4cf4cbeeb2d51bf65403/execute/sync - {"script":"return (() => [\n        window.scrollX, window.scrollY\n    ]).apply(null, arguments)","args":[]}
RESULT: {"script":"return (() => [\n        window.scrollX, window.scrollY\n    ]).apply(null, arguments)","args":[]}
COMMAND: POST /session/3e6bd117435f4cf4cbeeb2d51bf65403/actions - {"actions":[{"id":"action3","type":"wheel","parameters":{},"actions":[{"type":"scroll","x":0,"y":0,"deltaX":-194,"deltaY":775,"duration":200,"origin":{"element-6066-11e4-a52e-4f735466cecf":"f.D2C0FFDFAC625EDF9AD30DEB27AE5FA8.d.E50D699CA5A1BC1AE1A714D664DEF675.e.49"}}]}]}
COMMAND: POST /session/3e6bd117435f4cf4cbeeb2d51bf65403/execute/sync - {"script":"return ((elem, options) => elem.scrollIntoView(options)).apply(null, arguments)","args":[{"element-6066-11e4-a52e-4f735466cecf":"f.D2C0FFDFAC625EDF9AD30DEB27AE5FA8.d.C18A72400FDEFF5BCD3C5F8C18CA7C62.e.64","ELEMENT":"f.D2C0FFDFAC625EDF9AD30DEB27AE5FA8.d.C18A72400FDEFF5BCD3C5F8C18CA7C62.e.64"},{"block":"start","inline":"nearest"}]}
RESULT: {"script":"return ((elem, options) => elem.scrollIntoView(options)).apply(null, arguments)","args":[{"element-6066-11e4-a52e-4f735466cecf":"f.D2C0FFDFAC625EDF9AD30DEB27AE5FA8.d.C18A72400FDEFF5BCD3C5F8C18CA7C62.e.64","ELEMENT":"f.D2C0FFDFAC625EDF9AD30DEB27AE5FA8.d.C18A72400FDEFF5BCD3C5F8C18CA7C62.e.64"},{"block":"start","inline":"nearest"}]}
COMMAND: POST /session/3e6bd117435f4cf4cbeeb2d51bf65403/execute/sync - {"script":"return (function hideScrollBars(hide) {\n    try {\n        if (hide) {\n            document.body.style.overflow = 'hidden';\n        }\n        else {\n            document.body.style.overflow = '';\n        }\n    }\n    catch (e) {\n    }\n}).apply(null, arguments)","args":[true]}
RESULT: {"script":"return (function hideScrollBars(hide) {\n    try {\n        if (hide) {\n            document.body.style.overflow = 'hidden';\n        }\n        else {\n            document.body.style.overflow = '';\n        }\n    }\n    catch (e) {\n    }\n}).apply(null, arguments)","args":[true]}
COMMAND: POST /session/3e6bd117435f4cf4cbeeb2d51bf65403/execute/sync - {"script":"return (function getScreenDimensions() {\n    var body = document.body;\n    var html = document.documentElement;\n    var bodyDimensions = {\n        scrollHeight: body == null ? 0 : body.scrollHeight,\n  ... (1101 more bytes)","args":[]}
RESULT: {"script":"return (function getScreenDimensions() {\n    var body = document.body;\n    var html = document.documentElement;\n    var bodyDimensions = {\n        scrollHeight: body == null ? 0 : body.scrollHeight,\n  ... (1101 more bytes)","args":[]}
COMMAND: GET /session/3e6bd117435f4cf4cbeeb2d51bf65403/screenshot - {}
RESULT: {}
COMMAND: POST /session/3e6bd117435f4cf4cbeeb2d51bf65403/execute/sync - {"script":"return (function hideScrollBars(hide) {\n    try {\n        if (hide) {\n            document.body.style.overflow = 'hidden';\n        }\n        else {\n            document.body.style.overflow = '';\n        }\n    }\n    catch (e) {\n    }\n}).apply(null, arguments)","args":[false]}
RESULT: {"script":"return (function hideScrollBars(hide) {\n    try {\n        if (hide) {\n            document.body.style.overflow = 'hidden';\n        }\n        else {\n            document.body.style.overflow = '';\n        }\n    }\n    catch (e) {\n    }\n}).apply(null, arguments)","args":[false]}
RESULT: undefined
COMMAND: DELETE /session/3e6bd117435f4cf4cbeeb2d51bf65403 - {}
RESULT: {}
]]></system-out>
    </testcase>
  </testsuite>
</testsuites>