<?xml version="1.0" encoding="UTF-8"?>
<testsuites tests="2" failures="1" errors="0" skipped="0">
  <testsuite name="AgentHomePage Suite" timestamp="2025-05-14T23:22:43" time="33.428" tests="2" failures="1" errors="0" skipped="0">
    <properties>
      <property name="specId" value="0"/>
      <property name="suiteName" value="AgentHomePage Suite"/>
      <property name="capabilities" value="chrome.136_0_7103_93.mac"/>
      <property name="file" value="file://./test/specs/agentHomepage.specs.js"/>
    </properties>
    <testcase classname="chrome.136_0_7103_93.mac.AgentHomePage_Suite" name="TC1" time="22.756">
      <failure message="Image differences detected"/>
      <system-out><![CDATA[
COMMAND: POST /session/074b267f3cd8c9701982e595bcec9ab0/window/maximize - {}
RESULT: {}
COMMAND: GET /session/074b267f3cd8c9701982e595bcec9ab0/element/f.0C6EB932C164542F04C7297B9FBC091E.d.7C148AB621E11D98CE0A75B4A6A3EB36.e.4/css/display - {}
RESULT: {}
COMMAND: POST /session/074b267f3cd8c9701982e595bcec9ab0/element/f.0C6EB932C164542F04C7297B9FBC091E.d.7C148AB621E11D98CE0A75B4A6A3EB36.e.4/clear - {}
RESULT: {}
COMMAND: POST /session/074b267f3cd8c9701982e595bcec9ab0/element/f.0C6EB932C164542F04C7297B9FBC091E.d.7C148AB621E11D98CE0A75B4A6A3EB36.e.4/value - {"text":"sl"}
RESULT: {"text":"sl"}
COMMAND: POST /session/074b267f3cd8c9701982e595bcec9ab0/element/f.0C6EB932C164542F04C7297B9FBC091E.d.7C148AB621E11D98CE0A75B4A6A3EB36.e.5/clear - {}
RESULT: {}
COMMAND: POST /session/074b267f3cd8c9701982e595bcec9ab0/element/f.0C6EB932C164542F04C7297B9FBC091E.d.7C148AB621E11D98CE0A75B4A6A3EB36.e.5/value - {"text":"getin1"}
RESULT: {"text":"getin1"}
COMMAND: POST /session/074b267f3cd8c9701982e595bcec9ab0/element/f.0C6EB932C164542F04C7297B9FBC091E.d.7C148AB621E11D98CE0A75B4A6A3EB36.e.6/click - {}
RESULT: {}
COMMAND: GET /session/074b267f3cd8c9701982e595bcec9ab0/screenshot - {}
RESULT: {}
RESULT: undefined
COMMAND: POST /session/074b267f3cd8c9701982e595bcec9ab0/window/maximize - {}
RESULT: {}
COMMAND: GET /session/074b267f3cd8c9701982e595bcec9ab0/screenshot - {}
RESULT: {}
RESULT: undefined
]]></system-out>
      <system-err><![CDATA[
Error: Image differences detected
    at agentHomepage.compareEnvironments (file:///Users/ahshamkhan/Desktop/Webdriver.io/Automated-Visual-Regression-Tests/test/pageobjects/page.js:132:15)
    at async Context.<anonymous> (file:///Users/ahshamkhan/Desktop/Webdriver.io/Automated-Visual-Regression-Tests/test/specs/agentHomepage.specs.js:13:9)
]]></system-err>
    </testcase>
    <testcase classname="chrome.136_0_7103_93.mac.AgentHomePage_Suite" name="TC2" time="10.67">
      <system-out><![CDATA[
COMMAND: POST /session/074b267f3cd8c9701982e595bcec9ab0/window/maximize - {}
RESULT: {}
COMMAND: POST /session/074b267f3cd8c9701982e595bcec9ab0/element - {"using":"xpath","value":"//input[@name=\"username\"]"}
RESULT: {"using":"xpath","value":"//input[@name=\"username\"]"}
COMMAND: GET /session/074b267f3cd8c9701982e595bcec9ab0/element/f.0C6EB932C164542F04C7297B9FBC091E.d.FC7BAB5272D0F2AA443FE7DA2657A7E3.e.3/css/display - {}
RESULT: {}
COMMAND: POST /session/074b267f3cd8c9701982e595bcec9ab0/element/f.0C6EB932C164542F04C7297B9FBC091E.d.FC7BAB5272D0F2AA443FE7DA2657A7E3.e.3/clear - {}
RESULT: {}
COMMAND: POST /session/074b267f3cd8c9701982e595bcec9ab0/element/f.0C6EB932C164542F04C7297B9FBC091E.d.FC7BAB5272D0F2AA443FE7DA2657A7E3.e.3/value - {"text":"sl"}
RESULT: {"text":"sl"}
COMMAND: POST /session/074b267f3cd8c9701982e595bcec9ab0/element/f.0C6EB932C164542F04C7297B9FBC091E.d.FC7BAB5272D0F2AA443FE7DA2657A7E3.e.4/clear - {}
RESULT: {}
COMMAND: POST /session/074b267f3cd8c9701982e595bcec9ab0/element/f.0C6EB932C164542F04C7297B9FBC091E.d.FC7BAB5272D0F2AA443FE7DA2657A7E3.e.4/value - {"text":"getin1"}
RESULT: {"text":"getin1"}
COMMAND: POST /session/074b267f3cd8c9701982e595bcec9ab0/element/f.0C6EB932C164542F04C7297B9FBC091E.d.FC7BAB5272D0F2AA443FE7DA2657A7E3.e.5/click - {}
RESULT: {}
COMMAND: GET /session/074b267f3cd8c9701982e595bcec9ab0/screenshot - {}
RESULT: {}
COMMAND: GET /session/074b267f3cd8c9701982e595bcec9ab0/screenshot - {}
RESULT: {}
RESULT: undefined
COMMAND: POST /session/074b267f3cd8c9701982e595bcec9ab0/window/maximize - {}
RESULT: {}
COMMAND: GET /session/074b267f3cd8c9701982e595bcec9ab0/screenshot - {}
RESULT: {}
COMMAND: GET /session/074b267f3cd8c9701982e595bcec9ab0/screenshot - {}
RESULT: {}
RESULT: undefined
COMMAND: DELETE /session/074b267f3cd8c9701982e595bcec9ab0 - {}
RESULT: {}
]]></system-out>
    </testcase>
  </testsuite>
</testsuites>