<?xml version="1.0" encoding="UTF-8"?>
<testsuites tests="2" failures="1" errors="0" skipped="0">
  <testsuite name="Detail Page Suite" timestamp="2024-07-24T16:42:13" time="22.594" tests="2" failures="1" errors="0" skipped="0">
    <properties>
      <property name="specId" value="0"/>
      <property name="suiteName" value="Detail Page Suite"/>
      <property name="capabilities" value="chrome.126_0_6478_128.windows"/>
      <property name="file" value="file:///C:/Users/ahsham.khan/Desktop/WebDriver/BayutVisuals/test/specs/DetailPage.specs.js"/>
    </properties>
    <testcase classname="chrome.126_0_6478_128.windows.Detail_Page_Suite" name="Verify Amenities Section" time="14.157">
      <failure message="expect(received).toEqual(expected) // deep equality&#xA;&#xA;Expected: 0&#xA;Received: 0.281"/>
      <system-out><![CDATA[
COMMAND: POST /session/6401a89d3de54d8b359db79cbfc54bf5/window/maximize - {}
COMMAND: DELETE /session/6401a89d3de54d8b359db79cbfc54bf5/cookie - {}
COMMAND: POST /session/6401a89d3de54d8b359db79cbfc54bf5/element - {"using":"xpath","value":"//h2[text()=\"Features / Amenities\"]"}
COMMAND: POST /session/6401a89d3de54d8b359db79cbfc54bf5/url - {"url":"https://sl:getin1@stage.bayut.sector.run/property/details-6331676.html"}
RESULT: {}
RESULT: {}
RESULT: {"using":"xpath","value":"//h2[text()=\"Features / Amenities\"]"}
COMMAND: POST /session/6401a89d3de54d8b359db79cbfc54bf5/elements - {"using":"xpath","value":"//h2[text()=\"Features / Amenities\"]"}
RESULT: {"url":"https://sl:getin1@stage.bayut.sector.run/property/details-6331676.html"}
RESULT: {"using":"xpath","value":"//h2[text()=\"Features / Amenities\"]"}
COMMAND: POST /session/6401a89d3de54d8b359db79cbfc54bf5/elements - {"using":"xpath","value":"//h2[text()=\"Features / Amenities\"]"}
RESULT: {"using":"xpath","value":"//h2[text()=\"Features / Amenities\"]"}
COMMAND: POST /session/6401a89d3de54d8b359db79cbfc54bf5/element - {"using":"xpath","value":"//h2[text()=\"Features / Amenities\"]"}
RESULT: {"using":"xpath","value":"//h2[text()=\"Features / Amenities\"]"}
COMMAND: GET /session/6401a89d3de54d8b359db79cbfc54bf5/element/f.BD0DFAE7FFA4103C45ADA61CF1C100BB.d.8410710B20F67C58FEDDCC7557CA93C7.e.64/rect - {}
RESULT: {}
COMMAND: GET /session/6401a89d3de54d8b359db79cbfc54bf5/window/rect - {}
RESULT: {}
COMMAND: POST /session/6401a89d3de54d8b359db79cbfc54bf5/execute/sync - {"script":"return (() => [\n        window.scrollX, window.scrollY\n    ]).apply(null, arguments)","args":[]}
RESULT: {"script":"return (() => [\n        window.scrollX, window.scrollY\n    ]).apply(null, arguments)","args":[]}
COMMAND: POST /session/6401a89d3de54d8b359db79cbfc54bf5/actions - {"actions":[{"id":"action1","type":"wheel","parameters":{},"actions":[{"type":"scroll","x":0,"y":0,"deltaX":160,"deltaY":747,"duration":200,"origin":{"element-6066-11e4-a52e-4f735466cecf":"f.BD0DFAE7FFA4103C45ADA61CF1C100BB.d.8410710B20F67C58FEDDCC7557CA93C7.e.64"}}]}]}
RESULT: {"actions":[{"id":"action1","type":"wheel","parameters":{},"actions":[{"type":"scroll","x":0,"y":0,"deltaX":160,"deltaY":747,"duration":200,"origin":{"element-6066-11e4-a52e-4f735466cecf":"f.BD0DFAE7FFA4103C45ADA61CF1C100BB.d.8410710B20F67C58FEDDCC7557CA93C7.e.64"}}]}]}
COMMAND: DELETE /session/6401a89d3de54d8b359db79cbfc54bf5/actions - {}
RESULT: {}
COMMAND: POST /session/6401a89d3de54d8b359db79cbfc54bf5/execute/sync - {"script":"return (function hideScrollBars(hide) {\n    try {\n        if (hide) {\n            document.body.style.overflow = 'hidden';\n        }\n        else {\n            document.body.style.overflow = '';\n        }\n    }\n    catch (e) {\n    }\n}).apply(null, arguments)","args":[true]}
RESULT: {"script":"return (function hideScrollBars(hide) {\n    try {\n        if (hide) {\n            document.body.style.overflow = 'hidden';\n        }\n        else {\n            document.body.style.overflow = '';\n        }\n    }\n    catch (e) {\n    }\n}).apply(null, arguments)","args":[true]}
COMMAND: POST /session/6401a89d3de54d8b359db79cbfc54bf5/execute/sync - {"script":"return (function getScreenDimensions() {\n    var body = document.body;\n    var html = document.documentElement;\n    var bodyDimensions = {\n        scrollHeight: body == null ? 0 : body.scrollHeight,\n  ... (1101 more bytes)","args":[]}
RESULT: {"script":"return (function getScreenDimensions() {\n    var body = document.body;\n    var html = document.documentElement;\n    var bodyDimensions = {\n        scrollHeight: body == null ? 0 : body.scrollHeight,\n  ... (1101 more bytes)","args":[]}
COMMAND: GET /session/6401a89d3de54d8b359db79cbfc54bf5/screenshot - {}
RESULT: {}
COMMAND: POST /session/6401a89d3de54d8b359db79cbfc54bf5/execute/sync - {"script":"return (function hideScrollBars(hide) {\n    try {\n        if (hide) {\n            document.body.style.overflow = 'hidden';\n        }\n        else {\n            document.body.style.overflow = '';\n        }\n    }\n    catch (e) {\n    }\n}).apply(null, arguments)","args":[false]}
RESULT: {"script":"return (function hideScrollBars(hide) {\n    try {\n        if (hide) {\n            document.body.style.overflow = 'hidden';\n        }\n        else {\n            document.body.style.overflow = '';\n        }\n    }\n    catch (e) {\n    }\n}).apply(null, arguments)","args":[false]}
RESULT: undefined
COMMAND: POST /session/6401a89d3de54d8b359db79cbfc54bf5/window/maximize - {}
COMMAND: DELETE /session/6401a89d3de54d8b359db79cbfc54bf5/cookie - {}
COMMAND: POST /session/6401a89d3de54d8b359db79cbfc54bf5/execute/sync - {"script":"return (() => document.readyState === 'complete').apply(null, arguments)","args":[]}
COMMAND: POST /session/6401a89d3de54d8b359db79cbfc54bf5/element - {"using":"xpath","value":"//h2[text()=\"Features / Amenities\"]"}
COMMAND: POST /session/6401a89d3de54d8b359db79cbfc54bf5/url - {"url":"https://www.bayut.com/property/details-6331676.html"}
RESULT: {}
RESULT: {}
RESULT: {"script":"return (() => document.readyState === 'complete').apply(null, arguments)","args":[]}
RESULT: {"using":"xpath","value":"//h2[text()=\"Features / Amenities\"]"}
COMMAND: POST /session/6401a89d3de54d8b359db79cbfc54bf5/elements - {"using":"xpath","value":"//h2[text()=\"Features / Amenities\"]"}
RESULT: {"url":"https://www.bayut.com/property/details-6331676.html"}
RESULT: {"using":"xpath","value":"//h2[text()=\"Features / Amenities\"]"}
COMMAND: GET /session/6401a89d3de54d8b359db79cbfc54bf5/element/f.BD0DFAE7FFA4103C45ADA61CF1C100BB.d.8410710B20F67C58FEDDCC7557CA93C7.e.64/rect - {}
COMMAND: POST /session/6401a89d3de54d8b359db79cbfc54bf5/element - {"using":"xpath","value":"//h2[text()=\"Features / Amenities\"]"}
RESULT: {"using":"xpath","value":"//h2[text()=\"Features / Amenities\"]"}
COMMAND: GET /session/6401a89d3de54d8b359db79cbfc54bf5/element/f.BD0DFAE7FFA4103C45ADA61CF1C100BB.d.67AC00EAB544A365193BD8317FCE12B5.e.61/rect - {}
RESULT: {}
COMMAND: GET /session/6401a89d3de54d8b359db79cbfc54bf5/window/rect - {}
RESULT: {}
COMMAND: POST /session/6401a89d3de54d8b359db79cbfc54bf5/execute/sync - {"script":"return (() => [\n        window.scrollX, window.scrollY\n    ]).apply(null, arguments)","args":[]}
RESULT: {"script":"return (() => [\n        window.scrollX, window.scrollY\n    ]).apply(null, arguments)","args":[]}
COMMAND: POST /session/6401a89d3de54d8b359db79cbfc54bf5/actions - {"actions":[{"id":"action2","type":"wheel","parameters":{},"actions":[{"type":"scroll","x":0,"y":0,"deltaX":160,"deltaY":747,"duration":200,"origin":{"element-6066-11e4-a52e-4f735466cecf":"f.BD0DFAE7FFA4103C45ADA61CF1C100BB.d.8410710B20F67C58FEDDCC7557CA93C7.e.64"}}]}]}
COMMAND: POST /session/6401a89d3de54d8b359db79cbfc54bf5/execute/sync - {"script":"return ((elem, options) => elem.scrollIntoView(options)).apply(null, arguments)","args":[{"element-6066-11e4-a52e-4f735466cecf":"f.BD0DFAE7FFA4103C45ADA61CF1C100BB.d.67AC00EAB544A365193BD8317FCE12B5.e.61","ELEMENT":"f.BD0DFAE7FFA4103C45ADA61CF1C100BB.d.67AC00EAB544A365193BD8317FCE12B5.e.61"},{"block":"start","inline":"nearest"}]}
RESULT: {"script":"return ((elem, options) => elem.scrollIntoView(options)).apply(null, arguments)","args":[{"element-6066-11e4-a52e-4f735466cecf":"f.BD0DFAE7FFA4103C45ADA61CF1C100BB.d.67AC00EAB544A365193BD8317FCE12B5.e.61","ELEMENT":"f.BD0DFAE7FFA4103C45ADA61CF1C100BB.d.67AC00EAB544A365193BD8317FCE12B5.e.61"},{"block":"start","inline":"nearest"}]}
COMMAND: POST /session/6401a89d3de54d8b359db79cbfc54bf5/execute/sync - {"script":"return (function hideScrollBars(hide) {\n    try {\n        if (hide) {\n            document.body.style.overflow = 'hidden';\n        }\n        else {\n            document.body.style.overflow = '';\n        }\n    }\n    catch (e) {\n    }\n}).apply(null, arguments)","args":[true]}
RESULT: {"script":"return (function hideScrollBars(hide) {\n    try {\n        if (hide) {\n            document.body.style.overflow = 'hidden';\n        }\n        else {\n            document.body.style.overflow = '';\n        }\n    }\n    catch (e) {\n    }\n}).apply(null, arguments)","args":[true]}
COMMAND: POST /session/6401a89d3de54d8b359db79cbfc54bf5/execute/sync - {"script":"return (function getScreenDimensions() {\n    var body = document.body;\n    var html = document.documentElement;\n    var bodyDimensions = {\n        scrollHeight: body == null ? 0 : body.scrollHeight,\n  ... (1101 more bytes)","args":[]}
RESULT: {"script":"return (function getScreenDimensions() {\n    var body = document.body;\n    var html = document.documentElement;\n    var bodyDimensions = {\n        scrollHeight: body == null ? 0 : body.scrollHeight,\n  ... (1101 more bytes)","args":[]}
COMMAND: GET /session/6401a89d3de54d8b359db79cbfc54bf5/screenshot - {}
RESULT: {}
COMMAND: POST /session/6401a89d3de54d8b359db79cbfc54bf5/execute/sync - {"script":"return (function hideScrollBars(hide) {\n    try {\n        if (hide) {\n            document.body.style.overflow = 'hidden';\n        }\n        else {\n            document.body.style.overflow = '';\n        }\n    }\n    catch (e) {\n    }\n}).apply(null, arguments)","args":[false]}
RESULT: {"script":"return (function hideScrollBars(hide) {\n    try {\n        if (hide) {\n            document.body.style.overflow = 'hidden';\n        }\n        else {\n            document.body.style.overflow = '';\n        }\n    }\n    catch (e) {\n    }\n}).apply(null, arguments)","args":[false]}
RESULT: undefined
]]></system-out>
      <system-err><![CDATA[
Error: expect(received).toEqual(expected) // deep equality

Expected: 0
Received: 0.281
    at DetailPage.CompareShot (file:///C:/Users/ahsham.khan/Desktop/WebDriver/BayutVisuals/test/pageobjects/page.js:38:15)
    at async Context.<anonymous> (file:///C:/Users/ahsham.khan/Desktop/WebDriver/BayutVisuals/test/specs/DetailPage.specs.js:103:9)
]]></system-err>
    </testcase>
    <testcase classname="chrome.126_0_6478_128.windows.Detail_Page_Suite" name="Verify Agent Agency card" time="8.43">
      <system-out><![CDATA[
COMMAND: POST /session/6401a89d3de54d8b359db79cbfc54bf5/window/maximize - {}
COMMAND: DELETE /session/6401a89d3de54d8b359db79cbfc54bf5/cookie - {}
COMMAND: POST /session/6401a89d3de54d8b359db79cbfc54bf5/execute/sync - {"script":"return (function hideScrollBars(hide) {\n    try {\n        if (hide) {\n            document.body.style.overflow = 'hidden';\n        }\n        else {\n            document.body.style.overflow = '';\n        }\n    }\n    catch (e) {\n    }\n}).apply(null, arguments)","args":[true]}
COMMAND: POST /session/6401a89d3de54d8b359db79cbfc54bf5/url - {"url":"https://sl:getin1@stage.bayut.sector.run/property/details-6331676.html"}
RESULT: {}
RESULT: {}
RESULT: {"script":"return (function hideScrollBars(hide) {\n    try {\n        if (hide) {\n            document.body.style.overflow = 'hidden';\n        }\n        else {\n            document.body.style.overflow = '';\n        }\n    }\n    catch (e) {\n    }\n}).apply(null, arguments)","args":[true]}
COMMAND: POST /session/6401a89d3de54d8b359db79cbfc54bf5/execute/sync - {"script":"return (function getScreenDimensions() {\n    var body = document.body;\n    var html = document.documentElement;\n    var bodyDimensions = {\n        scrollHeight: body == null ? 0 : body.scrollHeight,\n  ... (1101 more bytes)","args":[]}
RESULT: {"url":"https://sl:getin1@stage.bayut.sector.run/property/details-6331676.html"}
RESULT: {"script":"return (function getScreenDimensions() {\n    var body = document.body;\n    var html = document.documentElement;\n    var bodyDimensions = {\n        scrollHeight: body == null ? 0 : body.scrollHeight,\n  ... (1101 more bytes)","args":[]}
COMMAND: GET /session/6401a89d3de54d8b359db79cbfc54bf5/screenshot - {}
RESULT: {}
COMMAND: POST /session/6401a89d3de54d8b359db79cbfc54bf5/execute/sync - {"script":"return (function hideScrollBars(hide) {\n    try {\n        if (hide) {\n            document.body.style.overflow = 'hidden';\n        }\n        else {\n            document.body.style.overflow = '';\n        }\n    }\n    catch (e) {\n    }\n}).apply(null, arguments)","args":[false]}
RESULT: {"script":"return (function hideScrollBars(hide) {\n    try {\n        if (hide) {\n            document.body.style.overflow = 'hidden';\n        }\n        else {\n            document.body.style.overflow = '';\n        }\n    }\n    catch (e) {\n    }\n}).apply(null, arguments)","args":[false]}
RESULT: undefined
COMMAND: POST /session/6401a89d3de54d8b359db79cbfc54bf5/window/maximize - {}
COMMAND: DELETE /session/6401a89d3de54d8b359db79cbfc54bf5/cookie - {}
COMMAND: POST /session/6401a89d3de54d8b359db79cbfc54bf5/execute/sync - {"script":"return (() => document.readyState === 'complete').apply(null, arguments)","args":[]}
COMMAND: POST /session/6401a89d3de54d8b359db79cbfc54bf5/element - {"using":"xpath","value":"//div[@aria-label=\"Agency info\" and @class=\"_948d9e0a e6c84807 _95d4067f\"]"}
COMMAND: POST /session/6401a89d3de54d8b359db79cbfc54bf5/url - {"url":"https://www.bayut.com/property/details-6331676.html"}
RESULT: {}
RESULT: {}
RESULT: {"script":"return (() => document.readyState === 'complete').apply(null, arguments)","args":[]}
RESULT: {"using":"xpath","value":"//div[@aria-label=\"Agency info\" and @class=\"_948d9e0a e6c84807 _95d4067f\"]"}
COMMAND: POST /session/6401a89d3de54d8b359db79cbfc54bf5/elements - {"using":"xpath","value":"//div[@aria-label=\"Agency info\" and @class=\"_948d9e0a e6c84807 _95d4067f\"]"}
RESULT: {"url":"https://www.bayut.com/property/details-6331676.html"}
RESULT: {"using":"xpath","value":"//div[@aria-label=\"Agency info\" and @class=\"_948d9e0a e6c84807 _95d4067f\"]"}
COMMAND: GET /session/6401a89d3de54d8b359db79cbfc54bf5/element/f.BD0DFAE7FFA4103C45ADA61CF1C100BB.d.E4629CA5ADE0348FF1E4163608F8156B.e.64/rect - {}
COMMAND: POST /session/6401a89d3de54d8b359db79cbfc54bf5/element - {"using":"xpath","value":"//div[@aria-label=\"Agency info\" and @class=\"_948d9e0a e6c84807 _95d4067f\"]"}
RESULT: {"using":"xpath","value":"//div[@aria-label=\"Agency info\" and @class=\"_948d9e0a e6c84807 _95d4067f\"]"}
COMMAND: GET /session/6401a89d3de54d8b359db79cbfc54bf5/element/f.BD0DFAE7FFA4103C45ADA61CF1C100BB.d.BA73F439DFE25229631CB376C75625E4.e.67/rect - {}
RESULT: {}
COMMAND: GET /session/6401a89d3de54d8b359db79cbfc54bf5/window/rect - {}
RESULT: {}
COMMAND: POST /session/6401a89d3de54d8b359db79cbfc54bf5/execute/sync - {"script":"return (() => [\n        window.scrollX, window.scrollY\n    ]).apply(null, arguments)","args":[]}
RESULT: {"script":"return (() => [\n        window.scrollX, window.scrollY\n    ]).apply(null, arguments)","args":[]}
COMMAND: POST /session/6401a89d3de54d8b359db79cbfc54bf5/actions - {"actions":[{"id":"action3","type":"wheel","parameters":{},"actions":[{"type":"scroll","x":0,"y":0,"deltaX":-194,"deltaY":775,"duration":200,"origin":{"element-6066-11e4-a52e-4f735466cecf":"f.BD0DFAE7FFA4103C45ADA61CF1C100BB.d.E4629CA5ADE0348FF1E4163608F8156B.e.64"}}]}]}
COMMAND: POST /session/6401a89d3de54d8b359db79cbfc54bf5/execute/sync - {"script":"return ((elem, options) => elem.scrollIntoView(options)).apply(null, arguments)","args":[{"element-6066-11e4-a52e-4f735466cecf":"f.BD0DFAE7FFA4103C45ADA61CF1C100BB.d.BA73F439DFE25229631CB376C75625E4.e.67","ELEMENT":"f.BD0DFAE7FFA4103C45ADA61CF1C100BB.d.BA73F439DFE25229631CB376C75625E4.e.67"},{"block":"start","inline":"nearest"}]}
RESULT: {"script":"return ((elem, options) => elem.scrollIntoView(options)).apply(null, arguments)","args":[{"element-6066-11e4-a52e-4f735466cecf":"f.BD0DFAE7FFA4103C45ADA61CF1C100BB.d.BA73F439DFE25229631CB376C75625E4.e.67","ELEMENT":"f.BD0DFAE7FFA4103C45ADA61CF1C100BB.d.BA73F439DFE25229631CB376C75625E4.e.67"},{"block":"start","inline":"nearest"}]}
COMMAND: POST /session/6401a89d3de54d8b359db79cbfc54bf5/execute/sync - {"script":"return (function hideScrollBars(hide) {\n    try {\n        if (hide) {\n            document.body.style.overflow = 'hidden';\n        }\n        else {\n            document.body.style.overflow = '';\n        }\n    }\n    catch (e) {\n    }\n}).apply(null, arguments)","args":[true]}
RESULT: {"script":"return (function hideScrollBars(hide) {\n    try {\n        if (hide) {\n            document.body.style.overflow = 'hidden';\n        }\n        else {\n            document.body.style.overflow = '';\n        }\n    }\n    catch (e) {\n    }\n}).apply(null, arguments)","args":[true]}
COMMAND: POST /session/6401a89d3de54d8b359db79cbfc54bf5/execute/sync - {"script":"return (function getScreenDimensions() {\n    var body = document.body;\n    var html = document.documentElement;\n    var bodyDimensions = {\n        scrollHeight: body == null ? 0 : body.scrollHeight,\n  ... (1101 more bytes)","args":[]}
RESULT: {"script":"return (function getScreenDimensions() {\n    var body = document.body;\n    var html = document.documentElement;\n    var bodyDimensions = {\n        scrollHeight: body == null ? 0 : body.scrollHeight,\n  ... (1101 more bytes)","args":[]}
COMMAND: GET /session/6401a89d3de54d8b359db79cbfc54bf5/screenshot - {}
RESULT: {}
COMMAND: POST /session/6401a89d3de54d8b359db79cbfc54bf5/execute/sync - {"script":"return (function hideScrollBars(hide) {\n    try {\n        if (hide) {\n            document.body.style.overflow = 'hidden';\n        }\n        else {\n            document.body.style.overflow = '';\n        }\n    }\n    catch (e) {\n    }\n}).apply(null, arguments)","args":[false]}
RESULT: {"script":"return (function hideScrollBars(hide) {\n    try {\n        if (hide) {\n            document.body.style.overflow = 'hidden';\n        }\n        else {\n            document.body.style.overflow = '';\n        }\n    }\n    catch (e) {\n    }\n}).apply(null, arguments)","args":[false]}
RESULT: undefined
COMMAND: DELETE /session/6401a89d3de54d8b359db79cbfc54bf5 - {}
RESULT: {}
]]></system-out>
    </testcase>
  </testsuite>
</testsuites>