<?xml version="1.0" encoding="UTF-8"?>
<testsuites tests="1" failures="1" errors="0" skipped="0">
  <testsuite name="Detail Page Suite" timestamp="2024-07-24T17:44:11" time="10.111" tests="1" failures="1" errors="0" skipped="0">
    <properties>
      <property name="specId" value="0"/>
      <property name="suiteName" value="Detail Page Suite"/>
      <property name="capabilities" value="chrome.126_0_6478_128.windows"/>
      <property name="file" value="file:///C:/Users/ahsham.khan/Desktop/WebDriver/BayutVisuals/test/specs/DetailPage.specs.js"/>
    </properties>
    <testcase classname="chrome.126_0_6478_128.windows.Detail_Page_Suite" name="Verify Appearence of Hospital section in Map View" time="10.107">
      <failure message="Can't call click on element with selector &quot;//div[@class=&quot;_4866b17e&quot; and text()=&quot;Hospitals&quot;]&quot; because element wasn't found"/>
      <system-out><![CDATA[
COMMAND: POST /session/a07809bcc8bdd2ecbf941772c6389496/window/maximize - {}
COMMAND: DELETE /session/a07809bcc8bdd2ecbf941772c6389496/cookie - {}
COMMAND: POST /session/a07809bcc8bdd2ecbf941772c6389496/element - {"using":"xpath","value":"//div[@class=\"_4866b17e\" and text()=\"Hospitals\"]"}
COMMAND: POST /session/a07809bcc8bdd2ecbf941772c6389496/url - {"url":"https://sl:getin1@stage.bayut.sector.run/property/details-6331676.html"}
RESULT: {}
RESULT: {}
RESULT: {"using":"xpath","value":"//div[@class=\"_4866b17e\" and text()=\"Hospitals\"]"}
COMMAND: POST /session/a07809bcc8bdd2ecbf941772c6389496/elements - {"using":"xpath","value":"//div[@class=\"_4866b17e\" and text()=\"Hospitals\"]"}
RESULT: {"url":"https://sl:getin1@stage.bayut.sector.run/property/details-6331676.html"}
RESULT: {"using":"xpath","value":"//div[@class=\"_4866b17e\" and text()=\"Hospitals\"]"}
COMMAND: POST /session/a07809bcc8bdd2ecbf941772c6389496/elements - {"using":"xpath","value":"//div[@class=\"_4866b17e\" and text()=\"Hospitals\"]"}
RESULT: {"using":"xpath","value":"//div[@class=\"_4866b17e\" and text()=\"Hospitals\"]"}
COMMAND: POST /session/a07809bcc8bdd2ecbf941772c6389496/elements - {"using":"xpath","value":"//div[@class=\"_4866b17e\" and text()=\"Hospitals\"]"}
RESULT: {"using":"xpath","value":"//div[@class=\"_4866b17e\" and text()=\"Hospitals\"]"}
COMMAND: POST /session/a07809bcc8bdd2ecbf941772c6389496/elements - {"using":"xpath","value":"//div[@class=\"_4866b17e\" and text()=\"Hospitals\"]"}
RESULT: {"using":"xpath","value":"//div[@class=\"_4866b17e\" and text()=\"Hospitals\"]"}
COMMAND: POST /session/a07809bcc8bdd2ecbf941772c6389496/elements - {"using":"xpath","value":"//div[@class=\"_4866b17e\" and text()=\"Hospitals\"]"}
RESULT: {"using":"xpath","value":"//div[@class=\"_4866b17e\" and text()=\"Hospitals\"]"}
COMMAND: POST /session/a07809bcc8bdd2ecbf941772c6389496/elements - {"using":"xpath","value":"//div[@class=\"_4866b17e\" and text()=\"Hospitals\"]"}
RESULT: {"using":"xpath","value":"//div[@class=\"_4866b17e\" and text()=\"Hospitals\"]"}
COMMAND: POST /session/a07809bcc8bdd2ecbf941772c6389496/elements - {"using":"xpath","value":"//div[@class=\"_4866b17e\" and text()=\"Hospitals\"]"}
RESULT: {"using":"xpath","value":"//div[@class=\"_4866b17e\" and text()=\"Hospitals\"]"}
COMMAND: POST /session/a07809bcc8bdd2ecbf941772c6389496/elements - {"using":"xpath","value":"//div[@class=\"_4866b17e\" and text()=\"Hospitals\"]"}
RESULT: {"using":"xpath","value":"//div[@class=\"_4866b17e\" and text()=\"Hospitals\"]"}
COMMAND: POST /session/a07809bcc8bdd2ecbf941772c6389496/elements - {"using":"xpath","value":"//div[@class=\"_4866b17e\" and text()=\"Hospitals\"]"}
RESULT: {"using":"xpath","value":"//div[@class=\"_4866b17e\" and text()=\"Hospitals\"]"}
COMMAND: POST /session/a07809bcc8bdd2ecbf941772c6389496/elements - {"using":"xpath","value":"//div[@class=\"_4866b17e\" and text()=\"Hospitals\"]"}
RESULT: {"using":"xpath","value":"//div[@class=\"_4866b17e\" and text()=\"Hospitals\"]"}
COMMAND: POST /session/a07809bcc8bdd2ecbf941772c6389496/elements - {"using":"xpath","value":"//div[@class=\"_4866b17e\" and text()=\"Hospitals\"]"}
RESULT: {"using":"xpath","value":"//div[@class=\"_4866b17e\" and text()=\"Hospitals\"]"}
COMMAND: POST /session/a07809bcc8bdd2ecbf941772c6389496/elements - {"using":"xpath","value":"//div[@class=\"_4866b17e\" and text()=\"Hospitals\"]"}
RESULT: {"using":"xpath","value":"//div[@class=\"_4866b17e\" and text()=\"Hospitals\"]"}
COMMAND: POST /session/a07809bcc8bdd2ecbf941772c6389496/elements - {"using":"xpath","value":"//div[@class=\"_4866b17e\" and text()=\"Hospitals\"]"}
RESULT: {"using":"xpath","value":"//div[@class=\"_4866b17e\" and text()=\"Hospitals\"]"}
COMMAND: POST /session/a07809bcc8bdd2ecbf941772c6389496/elements - {"using":"xpath","value":"//div[@class=\"_4866b17e\" and text()=\"Hospitals\"]"}
RESULT: {"using":"xpath","value":"//div[@class=\"_4866b17e\" and text()=\"Hospitals\"]"}
COMMAND: POST /session/a07809bcc8bdd2ecbf941772c6389496/elements - {"using":"xpath","value":"//div[@class=\"_4866b17e\" and text()=\"Hospitals\"]"}
RESULT: {"using":"xpath","value":"//div[@class=\"_4866b17e\" and text()=\"Hospitals\"]"}
COMMAND: POST /session/a07809bcc8bdd2ecbf941772c6389496/elements - {"using":"xpath","value":"//div[@class=\"_4866b17e\" and text()=\"Hospitals\"]"}
RESULT: {"using":"xpath","value":"//div[@class=\"_4866b17e\" and text()=\"Hospitals\"]"}
COMMAND: POST /session/a07809bcc8bdd2ecbf941772c6389496/elements - {"using":"xpath","value":"//div[@class=\"_4866b17e\" and text()=\"Hospitals\"]"}
RESULT: {"using":"xpath","value":"//div[@class=\"_4866b17e\" and text()=\"Hospitals\"]"}
COMMAND: POST /session/a07809bcc8bdd2ecbf941772c6389496/elements - {"using":"xpath","value":"//div[@class=\"_4866b17e\" and text()=\"Hospitals\"]"}
RESULT: {"using":"xpath","value":"//div[@class=\"_4866b17e\" and text()=\"Hospitals\"]"}
COMMAND: POST /session/a07809bcc8bdd2ecbf941772c6389496/elements - {"using":"xpath","value":"//div[@class=\"_4866b17e\" and text()=\"Hospitals\"]"}
RESULT: {"using":"xpath","value":"//div[@class=\"_4866b17e\" and text()=\"Hospitals\"]"}
COMMAND: POST /session/a07809bcc8bdd2ecbf941772c6389496/elements - {"using":"xpath","value":"//div[@class=\"_4866b17e\" and text()=\"Hospitals\"]"}
RESULT: {"using":"xpath","value":"//div[@class=\"_4866b17e\" and text()=\"Hospitals\"]"}
COMMAND: DELETE /session/a07809bcc8bdd2ecbf941772c6389496 - {}
RESULT: {}
]]></system-out>
      <system-err><![CDATA[
Error: Can't call click on element with selector "//div[@class="_4866b17e" and text()="Hospitals"]" because element wasn't found
    at async DetailPage.OpenHospitalsMapview (file:///C:/Users/ahsham.khan/Desktop/WebDriver/BayutVisuals/test/pageobjects/detail.page.js:114:9)
    at async Context.<anonymous> (file:///C:/Users/ahsham.khan/Desktop/WebDriver/BayutVisuals/test/specs/DetailPage.specs.js:206:7)
]]></system-err>
    </testcase>
  </testsuite>
</testsuites>