<?xml version="1.0" encoding="UTF-8"?>
<testsuites tests="3" failures="2" errors="0" skipped="1">
  <testsuite name="FloorPlan Suite" timestamp="2025-03-14T18:04:13" time="1190.517" tests="3" failures="2" errors="0" skipped="1">
    <properties>
      <property name="specId" value="0"/>
      <property name="suiteName" value="FloorPlan Suite"/>
      <property name="capabilities" value="chrome.134_0_6998_89.mac"/>
      <property name="file" value="file://./test/specs/floorPlan.specs.js"/>
    </properties>
    <testcase classname="chrome.134_0_6998_89.mac.FloorPlan_Suite" name="TC1" time="72.993">
      <failure message="Command script.callFunction with id 47 (with the following parameter: {&quot;functionDeclaration&quot;:&quot;function anonymous(\n) {\nreturn (/* __wdio script__ */function hideScrollBars(hide) {\n    try {\n        if (hide) {\n            document.body.style.overflow = 'hidden';\n        }\n        else {\n            document.body.style.overflow = '';\n        }\n    }\n    catch (e) {\n    }\n}/* __wdio script end__ */).apply(this, arguments);\n}&quot;,&quot;awaitPromise&quot;:true,&quot;arguments&quot;:[{&quot;type&quot;:&quot;boolean&quot;,&quot;value&quot;:true}],&quot;target&quot;:{&quot;context&quot;:&quot;E0C0CBFF4731D3E96FE7694B1FF88779&quot;}}) timed out"/>
      <system-out><![CDATA[
COMMAND: POST /session/05fe011f0092559c7f7af099caaea827/window/maximize - {}
RESULT: {}
COMMAND: POST /session/05fe011f0092559c7f7af099caaea827/element - {"using":"xpath","value":"//input[@name=\"username\"]"}
RESULT: {"using":"xpath","value":"//input[@name=\"username\"]"}
COMMAND: GET /session/05fe011f0092559c7f7af099caaea827/element/f.E0C0CBFF4731D3E96FE7694B1FF88779.d.A58769AB65CEE09375A4B3322CA69EE5.e.4/css/display - {}
RESULT: {}
COMMAND: POST /session/05fe011f0092559c7f7af099caaea827/element/f.E0C0CBFF4731D3E96FE7694B1FF88779.d.A58769AB65CEE09375A4B3322CA69EE5.e.4/clear - {}
RESULT: {}
COMMAND: POST /session/05fe011f0092559c7f7af099caaea827/element/f.E0C0CBFF4731D3E96FE7694B1FF88779.d.A58769AB65CEE09375A4B3322CA69EE5.e.4/value - {"text":"sl"}
RESULT: {"text":"sl"}
COMMAND: POST /session/05fe011f0092559c7f7af099caaea827/element/f.E0C0CBFF4731D3E96FE7694B1FF88779.d.A58769AB65CEE09375A4B3322CA69EE5.e.5/clear - {}
RESULT: {}
COMMAND: POST /session/05fe011f0092559c7f7af099caaea827/element/f.E0C0CBFF4731D3E96FE7694B1FF88779.d.A58769AB65CEE09375A4B3322CA69EE5.e.5/value - {"text":"getin1"}
RESULT: {"text":"getin1"}
COMMAND: POST /session/05fe011f0092559c7f7af099caaea827/element/f.E0C0CBFF4731D3E96FE7694B1FF88779.d.A58769AB65CEE09375A4B3322CA69EE5.e.6/click - {}
RESULT: {}
COMMAND: GET /session/05fe011f0092559c7f7af099caaea827/screenshot - {}
RESULT: {}
RESULT: undefined
COMMAND: POST /session/05fe011f0092559c7f7af099caaea827/window/maximize - {}
RESULT: {}
COMMAND: POST /session/05fe011f0092559c7f7af099caaea827/window/maximize - {}
]]></system-out>
      <system-err><![CDATA[
Error: Command script.callFunction with id 47 (with the following parameter: {"functionDeclaration":"function anonymous(\n) {\nreturn (/* __wdio script__ */function hideScrollBars(hide) {\n    try {\n        if (hide) {\n            document.body.style.overflow = 'hidden';\n        }\n        else {\n            document.body.style.overflow = '';\n        }\n    }\n    catch (e) {\n    }\n}/* __wdio script end__ */).apply(this, arguments);\n}","awaitPromise":true,"arguments":[{"type":"boolean","value":true}],"target":{"context":"E0C0CBFF4731D3E96FE7694B1FF88779"}}) timed out
    at listOnTimeout (node:internal/timers:569:17)
    at process.processTimers (node:internal/timers:512:7)
]]></system-err>
    </testcase>
    <testcase classname="chrome.134_0_6998_89.mac.FloorPlan_Suite" name="TC2" time="0">
      <skipped/>
      <system-out><![CDATA[
COMMAND: POST /session/05fe011f0092559c7f7af099caaea827/window/maximize - {}
RESULT: {}
RESULT: {}
COMMAND: DELETE /session/05fe011f0092559c7f7af099caaea827 - {}
RESULT: {}
]]></system-out>
    </testcase>
    <testcase classname="chrome.134_0_6998_89.mac.FloorPlan_Suite" name="before each hook for FloorPlan Suite" time="1117.517">
      <failure message="Failed to handle login process: waitUntil condition failed with the following reason: Command script.callFunction with id 70 (with the following parameter: {&quot;functionDeclaration&quot;:&quot;function anonymous(\n) {\nreturn (/* __wdio script__ */() => document.readyState/* __wdio script end__ */).apply(this, arguments);\n}&quot;,&quot;awaitPromise&quot;:true,&quot;arguments&quot;:[],&quot;target&quot;:{&quot;context&quot;:&quot;E0C0CBFF4731D3E96FE7694B1FF88779&quot;}}) timed out"/>
      <system-err><![CDATA[
Error: Failed to handle login process: waitUntil condition failed with the following reason: Command script.callFunction with id 70 (with the following parameter: {"functionDeclaration":"function anonymous(\n) {\nreturn (/* __wdio script__ */() => document.readyState/* __wdio script end__ */).apply(this, arguments);\n}","awaitPromise":true,"arguments":[],"target":{"context":"E0C0CBFF4731D3E96FE7694B1FF88779"}}) timed out
    at Floorplan.conditionalLogin (file:///Users/ahshamkhan/Desktop/Webdriver.io/Automated-Visual-Regression-Tests/test/pageobjects/page.js:174:15)
    at listOnTimeout (node:internal/timers:538:9)
    at process.processTimers (node:internal/timers:512:7)
    at async Context.<anonymous> (file:///Users/ahshamkhan/Desktop/Webdriver.io/Automated-Visual-Regression-Tests/test/specs/floorPlan.specs.js:7:9)
]]></system-err>
    </testcase>
  </testsuite>
</testsuites>