<?xml version="1.0" encoding="UTF-8"?>
<testsuites tests="1" failures="1" errors="0" skipped="0">
  <testsuite name="Detail Page Suite" timestamp="2024-11-07T22:53:59" time="81.732" tests="1" failures="1" errors="0" skipped="0">
    <properties>
      <property name="specId" value="0"/>
      <property name="suiteName" value="Detail Page Suite"/>
      <property name="capabilities" value="chrome.130_0_6723_116.windows"/>
      <property name="file" value="file:///C:/Users/ahsham.khan/Desktop/WebDriver/NewVss/Automated-Visual-Regression-Tests/test/specs/DetailPage.specs.js"/>
    </properties>
    <testcase classname="chrome.130_0_6723_116.windows.Detail_Page_Suite" name="tc 5" time="81.722">
      <failure message="Image differences detected"/>
      <system-out><![CDATA[
COMMAND: POST /session/7647332d5513a07661039e2e131defb4/window/maximize - {}
RESULT: {}
COMMAND: POST /session/7647332d5513a07661039e2e131defb4/element - {"using":"xpath","value":"//input[@id=\"username\"]"}
RESULT: {"using":"xpath","value":"//input[@id=\"username\"]"}
COMMAND: POST /session/7647332d5513a07661039e2e131defb4/element/f.CA7C10F0743F104E3E5D3FB1CA49F466.d.1DB0218D48E9A491D380E645B0E4BDDC.e.4/clear - {}
RESULT: {}
COMMAND: POST /session/7647332d5513a07661039e2e131defb4/element/f.CA7C10F0743F104E3E5D3FB1CA49F466.d.1DB0218D48E9A491D380E645B0E4BDDC.e.4/value - {"text":"sl"}
RESULT: {"text":"sl"}
COMMAND: POST /session/7647332d5513a07661039e2e131defb4/element/f.CA7C10F0743F104E3E5D3FB1CA49F466.d.1DB0218D48E9A491D380E645B0E4BDDC.e.6/clear - {}
RESULT: {}
COMMAND: POST /session/7647332d5513a07661039e2e131defb4/element/f.CA7C10F0743F104E3E5D3FB1CA49F466.d.1DB0218D48E9A491D380E645B0E4BDDC.e.6/value - {"text":"getin1"}
RESULT: {"text":"getin1"}
COMMAND: POST /session/7647332d5513a07661039e2e131defb4/element/f.CA7C10F0743F104E3E5D3FB1CA49F466.d.1DB0218D48E9A491D380E645B0E4BDDC.e.7/click - {}
RESULT: {}
COMMAND: POST /session/7647332d5513a07661039e2e131defb4/element/f.CA7C10F0743F104E3E5D3FB1CA49F466.d.5C3A62E4D33C513EA3D5E0AD0BA1A647.e.140/click - {}
RESULT: {}
COMMAND: GET /session/7647332d5513a07661039e2e131defb4/screenshot - {}
RESULT: {}
RESULT: undefined
COMMAND: POST /session/7647332d5513a07661039e2e131defb4/window/maximize - {}
RESULT: {}
COMMAND: POST /session/7647332d5513a07661039e2e131defb4/element - {"using":"xpath","value":"//div[@class=\"a68e82ed\" and text()=\"Schools\"]"}
RESULT: {"using":"xpath","value":"//div[@class=\"a68e82ed\" and text()=\"Schools\"]"}
COMMAND: POST /session/7647332d5513a07661039e2e131defb4/element/f.CA7C10F0743F104E3E5D3FB1CA49F466.d.4CEDA7837C51FD19DB7320CDFDB47D20.e.81/click - {}
RESULT: {}
COMMAND: GET /session/7647332d5513a07661039e2e131defb4/screenshot - {}
RESULT: {}
RESULT: undefined
COMMAND: DELETE /session/7647332d5513a07661039e2e131defb4 - {}
RESULT: {}
]]></system-out>
      <system-err><![CDATA[
Error: Image differences detected
    at Context.<anonymous> (file:///C:/Users/ahsham.khan/Desktop/WebDriver/NewVss/Automated-Visual-Regression-Tests/test/specs/DetailPage.specs.js:83:15)
]]></system-err>
    </testcase>
  </testsuite>
</testsuites>