<?xml version="1.0" encoding="UTF-8"?>
<testsuites tests="1" failures="1" errors="0" skipped="0">
  <testsuite name="FloorPlan Suite" timestamp="2025-03-14T16:44:32" time="3.517" tests="1" failures="1" errors="0" skipped="0">
    <properties>
      <property name="specId" value="0"/>
      <property name="suiteName" value="FloorPlan Suite"/>
      <property name="capabilities" value="chrome.134_0_6998_89.mac"/>
      <property name="file" value="file://./test/specs/floorPlan.specs.js"/>
    </properties>
    <testcase classname="chrome.134_0_6998_89.mac.FloorPlan_Suite" name="TC1" time="3.511">
      <failure message="WebDriver Bidi command &quot;script.callFunction&quot; failed with error: unknown error - Cannot find context with specified id"/>
      <system-out><![CDATA[
COMMAND: POST /session/81a94025df872d0eab50b7937b2defff/window/maximize - {}
COMMAND: GET /session/81a94025df872d0eab50b7937b2defff/title - {}
RESULT: {}
RESULT: {}
COMMAND: GET /session/81a94025df872d0eab50b7937b2defff/title - {}
RESULT: {}
COMMAND: POST /session/81a94025df872d0eab50b7937b2defff/element/f.49731A12E87CA1927FBA824B163754CF.d.51F9C501B3745D1F6E9E1FA804C799CF.e.3/clear - {}
RESULT: {}
COMMAND: POST /session/81a94025df872d0eab50b7937b2defff/element/f.49731A12E87CA1927FBA824B163754CF.d.51F9C501B3745D1F6E9E1FA804C799CF.e.3/value - {"text":"sl"}
RESULT: {"text":"sl"}
COMMAND: POST /session/81a94025df872d0eab50b7937b2defff/element/f.49731A12E87CA1927FBA824B163754CF.d.51F9C501B3745D1F6E9E1FA804C799CF.e.5/clear - {}
RESULT: {}
COMMAND: POST /session/81a94025df872d0eab50b7937b2defff/element/f.49731A12E87CA1927FBA824B163754CF.d.51F9C501B3745D1F6E9E1FA804C799CF.e.5/value - {"text":"getin1"}
RESULT: {"text":"getin1"}
COMMAND: POST /session/81a94025df872d0eab50b7937b2defff/element/f.49731A12E87CA1927FBA824B163754CF.d.51F9C501B3745D1F6E9E1FA804C799CF.e.7/click - {}
RESULT: {}
COMMAND: DELETE /session/81a94025df872d0eab50b7937b2defff - {}
RESULT: {}
]]></system-out>
      <system-err><![CDATA[
Error: WebDriver Bidi command "script.callFunction" failed with error: unknown error - Cannot find context with specified id

Driver Stack:
    at Error
    at     at new UnknownErrorException (<anonymous>:65:4788)
    at     at CommandProcessor.processCommand (<anonymous>:453:9877)
]]></system-err>
    </testcase>
  </testsuite>
</testsuites>