<?xml version="1.0" encoding="UTF-8"?>
<testsuites tests="1" failures="0" errors="0" skipped="0">
  <testsuite name="Detail Page Suite" timestamp="2024-07-25T11:05:12" time="23.185" tests="1" failures="0" errors="0" skipped="0">
    <properties>
      <property name="specId" value="0"/>
      <property name="suiteName" value="Detail Page Suite"/>
      <property name="capabilities" value="chrome.126_0_6478_128.windows"/>
      <property name="file" value="file:///C:/Users/ahsham.khan/Desktop/WebDriver/BayutVisuals/test/specs/DetailPage.specs.js"/>
    </properties>
    <testcase classname="chrome.126_0_6478_128.windows.Detail_Page_Suite" name="Verify Appearance of Hospital section in Map View" time="23.168">
      <system-out><![CDATA[
COMMAND: POST /session/136dcdb96ce039d406ef000c59417765/window/maximize - {}
COMMAND: DELETE /session/136dcdb96ce039d406ef000c59417765/cookie - {}
COMMAND: POST /session/136dcdb96ce039d406ef000c59417765/element - {"using":"xpath","value":"//div[@class=\"ad5c301a\"]//div[@class=\"a68e82ed\" and text()=\"Hospitals\"]"}
COMMAND: POST /session/136dcdb96ce039d406ef000c59417765/url - {"url":"https://sl:getin1@stage.bayut.sector.run/property/details-6331676.html"}
RESULT: {}
RESULT: {}
RESULT: {"using":"xpath","value":"//div[@class=\"ad5c301a\"]//div[@class=\"a68e82ed\" and text()=\"Hospitals\"]"}
COMMAND: POST /session/136dcdb96ce039d406ef000c59417765/elements - {"using":"xpath","value":"//div[@class=\"ad5c301a\"]//div[@class=\"a68e82ed\" and text()=\"Hospitals\"]"}
RESULT: {"url":"https://sl:getin1@stage.bayut.sector.run/property/details-6331676.html"}
RESULT: {"using":"xpath","value":"//div[@class=\"ad5c301a\"]//div[@class=\"a68e82ed\" and text()=\"Hospitals\"]"}
COMMAND: POST /session/136dcdb96ce039d406ef000c59417765/element - {"using":"xpath","value":"//div[@class=\"ad5c301a\"]//div[@class=\"a68e82ed\" and text()=\"Hospitals\"]"}
RESULT: {"using":"xpath","value":"//div[@class=\"ad5c301a\"]//div[@class=\"a68e82ed\" and text()=\"Hospitals\"]"}
COMMAND: POST /session/136dcdb96ce039d406ef000c59417765/element/f.F9560A3E0073D1601FEE8AFADD0E64EA.d.CEC22C8915B24511732E77109E7A03C1.e.64/click - {}
RESULT: {}
COMMAND: POST /session/136dcdb96ce039d406ef000c59417765/element - {"using":"xpath","value":"//canvas[@aria-label=\"Map\"]"}
RESULT: {"using":"xpath","value":"//canvas[@aria-label=\"Map\"]"}
COMMAND: POST /session/136dcdb96ce039d406ef000c59417765/element - {"using":"xpath","value":"//canvas[@aria-label=\"Map\"]"}
RESULT: {"using":"xpath","value":"//canvas[@aria-label=\"Map\"]"}
COMMAND: POST /session/136dcdb96ce039d406ef000c59417765/element - {"using":"xpath","value":"//canvas[@aria-label=\"Map\"]"}
RESULT: {"using":"xpath","value":"//canvas[@aria-label=\"Map\"]"}
COMMAND: POST /session/136dcdb96ce039d406ef000c59417765/element - {"using":"xpath","value":"//canvas[@aria-label=\"Map\"]"}
RESULT: {"using":"xpath","value":"//canvas[@aria-label=\"Map\"]"}
COMMAND: POST /session/136dcdb96ce039d406ef000c59417765/element - {"using":"xpath","value":"//canvas[@aria-label=\"Map\"]"}
RESULT: {"using":"xpath","value":"//canvas[@aria-label=\"Map\"]"}
COMMAND: POST /session/136dcdb96ce039d406ef000c59417765/execute/sync - {"script":"return (function isElementDisplayed(element) {\n    function nodeIsElement(node) {\n        if (!node) {\n            return false;\n        }\n        switch (node.nodeType) {\n            case Node.ELEMEN ... (7807 more bytes)","args":[{"element-6066-11e4-a52e-4f735466cecf":"f.F9560A3E0073D1601FEE8AFADD0E64EA.d.CEC22C8915B24511732E77109E7A03C1.e.88","ELEMENT":"f.F9560A3E0073D1601FEE8AFADD0E64EA.d.CEC22C8915B24511732E77109E7A03C1.e.88"}]}
RESULT: {"script":"return (function isElementDisplayed(element) {\n    function nodeIsElement(node) {\n        if (!node) {\n            return false;\n        }\n        switch (node.nodeType) {\n            case Node.ELEMEN ... (7807 more bytes)","args":[{"element-6066-11e4-a52e-4f735466cecf":"f.F9560A3E0073D1601FEE8AFADD0E64EA.d.CEC22C8915B24511732E77109E7A03C1.e.88","ELEMENT":"f.F9560A3E0073D1601FEE8AFADD0E64EA.d.CEC22C8915B24511732E77109E7A03C1.e.88"}]}
COMMAND: POST /session/136dcdb96ce039d406ef000c59417765/execute/sync - {"script":"return (function hideScrollBars(hide) {\n    try {\n        if (hide) {\n            document.body.style.overflow = 'hidden';\n        }\n        else {\n            document.body.style.overflow = '';\n        }\n    }\n    catch (e) {\n    }\n}).apply(null, arguments)","args":[true]}
RESULT: {"script":"return (function hideScrollBars(hide) {\n    try {\n        if (hide) {\n            document.body.style.overflow = 'hidden';\n        }\n        else {\n            document.body.style.overflow = '';\n        }\n    }\n    catch (e) {\n    }\n}).apply(null, arguments)","args":[true]}
COMMAND: POST /session/136dcdb96ce039d406ef000c59417765/execute/sync - {"script":"return (function getScreenDimensions() {\n    var body = document.body;\n    var html = document.documentElement;\n    var bodyDimensions = {\n        scrollHeight: body == null ? 0 : body.scrollHeight,\n  ... (1101 more bytes)","args":[]}
RESULT: {"script":"return (function getScreenDimensions() {\n    var body = document.body;\n    var html = document.documentElement;\n    var bodyDimensions = {\n        scrollHeight: body == null ? 0 : body.scrollHeight,\n  ... (1101 more bytes)","args":[]}
COMMAND: GET /session/136dcdb96ce039d406ef000c59417765/screenshot - {}
RESULT: {}
COMMAND: POST /session/136dcdb96ce039d406ef000c59417765/execute/sync - {"script":"return (function hideScrollBars(hide) {\n    try {\n        if (hide) {\n            document.body.style.overflow = 'hidden';\n        }\n        else {\n            document.body.style.overflow = '';\n        }\n    }\n    catch (e) {\n    }\n}).apply(null, arguments)","args":[false]}
RESULT: {"script":"return (function hideScrollBars(hide) {\n    try {\n        if (hide) {\n            document.body.style.overflow = 'hidden';\n        }\n        else {\n            document.body.style.overflow = '';\n        }\n    }\n    catch (e) {\n    }\n}).apply(null, arguments)","args":[false]}
RESULT: undefined
COMMAND: POST /session/136dcdb96ce039d406ef000c59417765/window/maximize - {}
COMMAND: DELETE /session/136dcdb96ce039d406ef000c59417765/cookie - {}
COMMAND: POST /session/136dcdb96ce039d406ef000c59417765/execute/sync - {"script":"return (() => document.readyState === 'complete').apply(null, arguments)","args":[]}
COMMAND: POST /session/136dcdb96ce039d406ef000c59417765/element - {"using":"xpath","value":"//div[@class=\"ad5c301a\"]//div[@class=\"a68e82ed\" and text()=\"Hospitals\"]"}
COMMAND: POST /session/136dcdb96ce039d406ef000c59417765/url - {"url":"https://www.bayut.com/property/details-6331676.html"}
RESULT: {}
RESULT: {}
RESULT: {"script":"return (() => document.readyState === 'complete').apply(null, arguments)","args":[]}
RESULT: {"using":"xpath","value":"//div[@class=\"ad5c301a\"]//div[@class=\"a68e82ed\" and text()=\"Hospitals\"]"}
COMMAND: POST /session/136dcdb96ce039d406ef000c59417765/element/f.F9560A3E0073D1601FEE8AFADD0E64EA.d.CEC22C8915B24511732E77109E7A03C1.e.64/click - {}
RESULT: {"url":"https://www.bayut.com/property/details-6331676.html"}
COMMAND: POST /session/136dcdb96ce039d406ef000c59417765/element - {"using":"xpath","value":"//div[@class=\"ad5c301a\"]//div[@class=\"a68e82ed\" and text()=\"Hospitals\"]"}
RESULT: {"using":"xpath","value":"//div[@class=\"ad5c301a\"]//div[@class=\"a68e82ed\" and text()=\"Hospitals\"]"}
COMMAND: POST /session/136dcdb96ce039d406ef000c59417765/element/f.F9560A3E0073D1601FEE8AFADD0E64EA.d.CEC22C8915B24511732E77109E7A03C1.e.64/click - {}
COMMAND: POST /session/136dcdb96ce039d406ef000c59417765/element - {"using":"xpath","value":"//div[@class=\"ad5c301a\"]//div[@class=\"a68e82ed\" and text()=\"Hospitals\"]"}
RESULT: {"using":"xpath","value":"//div[@class=\"ad5c301a\"]//div[@class=\"a68e82ed\" and text()=\"Hospitals\"]"}
COMMAND: POST /session/136dcdb96ce039d406ef000c59417765/element/f.F9560A3E0073D1601FEE8AFADD0E64EA.d.7D635E10B021815E9BCD4D5487D94B0B.e.58/click - {}
RESULT: {}
COMMAND: POST /session/136dcdb96ce039d406ef000c59417765/element - {"using":"xpath","value":"//canvas[@aria-label=\"Map\"]"}
RESULT: {"using":"xpath","value":"//canvas[@aria-label=\"Map\"]"}
COMMAND: POST /session/136dcdb96ce039d406ef000c59417765/element - {"using":"xpath","value":"//canvas[@aria-label=\"Map\"]"}
RESULT: {"using":"xpath","value":"//canvas[@aria-label=\"Map\"]"}
COMMAND: POST /session/136dcdb96ce039d406ef000c59417765/execute/sync - {"script":"return (function isElementDisplayed(element) {\n    function nodeIsElement(node) {\n        if (!node) {\n            return false;\n        }\n        switch (node.nodeType) {\n            case Node.ELEMEN ... (7807 more bytes)","args":[{"element-6066-11e4-a52e-4f735466cecf":"f.F9560A3E0073D1601FEE8AFADD0E64EA.d.7D635E10B021815E9BCD4D5487D94B0B.e.79","ELEMENT":"f.F9560A3E0073D1601FEE8AFADD0E64EA.d.7D635E10B021815E9BCD4D5487D94B0B.e.79"}]}
RESULT: {"script":"return (function isElementDisplayed(element) {\n    function nodeIsElement(node) {\n        if (!node) {\n            return false;\n        }\n        switch (node.nodeType) {\n            case Node.ELEMEN ... (7807 more bytes)","args":[{"element-6066-11e4-a52e-4f735466cecf":"f.F9560A3E0073D1601FEE8AFADD0E64EA.d.7D635E10B021815E9BCD4D5487D94B0B.e.79","ELEMENT":"f.F9560A3E0073D1601FEE8AFADD0E64EA.d.7D635E10B021815E9BCD4D5487D94B0B.e.79"}]}
COMMAND: POST /session/136dcdb96ce039d406ef000c59417765/execute/sync - {"script":"return (function hideScrollBars(hide) {\n    try {\n        if (hide) {\n            document.body.style.overflow = 'hidden';\n        }\n        else {\n            document.body.style.overflow = '';\n        }\n    }\n    catch (e) {\n    }\n}).apply(null, arguments)","args":[true]}
RESULT: {"script":"return (function hideScrollBars(hide) {\n    try {\n        if (hide) {\n            document.body.style.overflow = 'hidden';\n        }\n        else {\n            document.body.style.overflow = '';\n        }\n    }\n    catch (e) {\n    }\n}).apply(null, arguments)","args":[true]}
COMMAND: POST /session/136dcdb96ce039d406ef000c59417765/execute/sync - {"script":"return (function getScreenDimensions() {\n    var body = document.body;\n    var html = document.documentElement;\n    var bodyDimensions = {\n        scrollHeight: body == null ? 0 : body.scrollHeight,\n  ... (1101 more bytes)","args":[]}
RESULT: {"script":"return (function getScreenDimensions() {\n    var body = document.body;\n    var html = document.documentElement;\n    var bodyDimensions = {\n        scrollHeight: body == null ? 0 : body.scrollHeight,\n  ... (1101 more bytes)","args":[]}
COMMAND: GET /session/136dcdb96ce039d406ef000c59417765/screenshot - {}
RESULT: {}
COMMAND: POST /session/136dcdb96ce039d406ef000c59417765/execute/sync - {"script":"return (function hideScrollBars(hide) {\n    try {\n        if (hide) {\n            document.body.style.overflow = 'hidden';\n        }\n        else {\n            document.body.style.overflow = '';\n        }\n    }\n    catch (e) {\n    }\n}).apply(null, arguments)","args":[false]}
RESULT: {"script":"return (function hideScrollBars(hide) {\n    try {\n        if (hide) {\n            document.body.style.overflow = 'hidden';\n        }\n        else {\n            document.body.style.overflow = '';\n        }\n    }\n    catch (e) {\n    }\n}).apply(null, arguments)","args":[false]}
RESULT: undefined
COMMAND: DELETE /session/136dcdb96ce039d406ef000c59417765 - {}
RESULT: {}
]]></system-out>
    </testcase>
  </testsuite>
</testsuites>