<?xml version="1.0" encoding="UTF-8"?>
<testsuites tests="1" failures="1" errors="0" skipped="0">
  <testsuite name="Detail Page Suite" timestamp="2024-07-24T18:00:53" time="14.928" tests="1" failures="1" errors="0" skipped="0">
    <properties>
      <property name="specId" value="0"/>
      <property name="suiteName" value="Detail Page Suite"/>
      <property name="capabilities" value="chrome.126_0_6478_128.windows"/>
      <property name="file" value="file:///C:/Users/ahsham.khan/Desktop/WebDriver/BayutVisuals/test/specs/DetailPage.specs.js"/>
    </properties>
    <testcase classname="chrome.126_0_6478_128.windows.Detail_Page_Suite" name="Verify Appearence of Hospital section in Map View" time="14.922">
      <failure message="Unexpected result structure from checkScreen"/>
      <system-out><![CDATA[
COMMAND: POST /session/6228608df3ce6ad3fc848614ea6b8bc4/window/maximize - {}
COMMAND: DELETE /session/6228608df3ce6ad3fc848614ea6b8bc4/cookie - {}
COMMAND: POST /session/6228608df3ce6ad3fc848614ea6b8bc4/element - {"using":"xpath","value":"//div[@class=\"ad5c301a\"]//div[@class=\"a68e82ed\" and text()=\"Hospitals\"]"}
COMMAND: POST /session/6228608df3ce6ad3fc848614ea6b8bc4/url - {"url":"https://sl:getin1@stage.bayut.sector.run/property/details-6331676.html"}
RESULT: {}
RESULT: {}
RESULT: {"using":"xpath","value":"//div[@class=\"ad5c301a\"]//div[@class=\"a68e82ed\" and text()=\"Hospitals\"]"}
COMMAND: POST /session/6228608df3ce6ad3fc848614ea6b8bc4/elements - {"using":"xpath","value":"//div[@class=\"ad5c301a\"]//div[@class=\"a68e82ed\" and text()=\"Hospitals\"]"}
RESULT: {"url":"https://sl:getin1@stage.bayut.sector.run/property/details-6331676.html"}
RESULT: {"using":"xpath","value":"//div[@class=\"ad5c301a\"]//div[@class=\"a68e82ed\" and text()=\"Hospitals\"]"}
COMMAND: POST /session/6228608df3ce6ad3fc848614ea6b8bc4/element - {"using":"xpath","value":"//div[@class=\"ad5c301a\"]//div[@class=\"a68e82ed\" and text()=\"Hospitals\"]"}
RESULT: {"using":"xpath","value":"//div[@class=\"ad5c301a\"]//div[@class=\"a68e82ed\" and text()=\"Hospitals\"]"}
COMMAND: POST /session/6228608df3ce6ad3fc848614ea6b8bc4/element/f.FDC88E26BB9BB941B9960796444762B9.d.3CCC46D5871A7D844524032549BA595B.e.64/click - {}
RESULT: {}
COMMAND: POST /session/6228608df3ce6ad3fc848614ea6b8bc4/element - {"using":"xpath","value":"//canvas[@aria-label=\"Map\"]"}
RESULT: {"using":"xpath","value":"//canvas[@aria-label=\"Map\"]"}
COMMAND: POST /session/6228608df3ce6ad3fc848614ea6b8bc4/element - {"using":"xpath","value":"//canvas[@aria-label=\"Map\"]"}
RESULT: {"using":"xpath","value":"//canvas[@aria-label=\"Map\"]"}
COMMAND: POST /session/6228608df3ce6ad3fc848614ea6b8bc4/element - {"using":"xpath","value":"//canvas[@aria-label=\"Map\"]"}
RESULT: {"using":"xpath","value":"//canvas[@aria-label=\"Map\"]"}
COMMAND: POST /session/6228608df3ce6ad3fc848614ea6b8bc4/element - {"using":"xpath","value":"//canvas[@aria-label=\"Map\"]"}
RESULT: {"using":"xpath","value":"//canvas[@aria-label=\"Map\"]"}
COMMAND: POST /session/6228608df3ce6ad3fc848614ea6b8bc4/element - {"using":"xpath","value":"//canvas[@aria-label=\"Map\"]"}
RESULT: {"using":"xpath","value":"//canvas[@aria-label=\"Map\"]"}
COMMAND: POST /session/6228608df3ce6ad3fc848614ea6b8bc4/execute/sync - {"script":"return (function isElementDisplayed(element) {\n    function nodeIsElement(node) {\n        if (!node) {\n            return false;\n        }\n        switch (node.nodeType) {\n            case Node.ELEMEN ... (7807 more bytes)","args":[{"element-6066-11e4-a52e-4f735466cecf":"f.FDC88E26BB9BB941B9960796444762B9.d.3CCC46D5871A7D844524032549BA595B.e.87","ELEMENT":"f.FDC88E26BB9BB941B9960796444762B9.d.3CCC46D5871A7D844524032549BA595B.e.87"}]}
RESULT: {"script":"return (function isElementDisplayed(element) {\n    function nodeIsElement(node) {\n        if (!node) {\n            return false;\n        }\n        switch (node.nodeType) {\n            case Node.ELEMEN ... (7807 more bytes)","args":[{"element-6066-11e4-a52e-4f735466cecf":"f.FDC88E26BB9BB941B9960796444762B9.d.3CCC46D5871A7D844524032549BA595B.e.87","ELEMENT":"f.FDC88E26BB9BB941B9960796444762B9.d.3CCC46D5871A7D844524032549BA595B.e.87"}]}
COMMAND: POST /session/6228608df3ce6ad3fc848614ea6b8bc4/execute/sync - {"script":"return (function hideScrollBars(hide) {\n    try {\n        if (hide) {\n            document.body.style.overflow = 'hidden';\n        }\n        else {\n            document.body.style.overflow = '';\n        }\n    }\n    catch (e) {\n    }\n}).apply(null, arguments)","args":[true]}
RESULT: {"script":"return (function hideScrollBars(hide) {\n    try {\n        if (hide) {\n            document.body.style.overflow = 'hidden';\n        }\n        else {\n            document.body.style.overflow = '';\n        }\n    }\n    catch (e) {\n    }\n}).apply(null, arguments)","args":[true]}
COMMAND: POST /session/6228608df3ce6ad3fc848614ea6b8bc4/execute/sync - {"script":"return (function getScreenDimensions() {\n    var body = document.body;\n    var html = document.documentElement;\n    var bodyDimensions = {\n        scrollHeight: body == null ? 0 : body.scrollHeight,\n  ... (1101 more bytes)","args":[]}
RESULT: {"script":"return (function getScreenDimensions() {\n    var body = document.body;\n    var html = document.documentElement;\n    var bodyDimensions = {\n        scrollHeight: body == null ? 0 : body.scrollHeight,\n  ... (1101 more bytes)","args":[]}
COMMAND: GET /session/6228608df3ce6ad3fc848614ea6b8bc4/screenshot - {}
RESULT: {}
COMMAND: POST /session/6228608df3ce6ad3fc848614ea6b8bc4/execute/sync - {"script":"return (function hideScrollBars(hide) {\n    try {\n        if (hide) {\n            document.body.style.overflow = 'hidden';\n        }\n        else {\n            document.body.style.overflow = '';\n        }\n    }\n    catch (e) {\n    }\n}).apply(null, arguments)","args":[false]}
RESULT: {"script":"return (function hideScrollBars(hide) {\n    try {\n        if (hide) {\n            document.body.style.overflow = 'hidden';\n        }\n        else {\n            document.body.style.overflow = '';\n        }\n    }\n    catch (e) {\n    }\n}).apply(null, arguments)","args":[false]}
RESULT: undefined
COMMAND: POST /session/6228608df3ce6ad3fc848614ea6b8bc4/window/maximize - {}
COMMAND: DELETE /session/6228608df3ce6ad3fc848614ea6b8bc4/cookie - {}
COMMAND: POST /session/6228608df3ce6ad3fc848614ea6b8bc4/execute/sync - {"script":"return (() => document.readyState === 'complete').apply(null, arguments)","args":[]}
COMMAND: POST /session/6228608df3ce6ad3fc848614ea6b8bc4/element - {"using":"xpath","value":"//div[@class=\"ad5c301a\"]//div[@class=\"a68e82ed\" and text()=\"Hospitals\"]"}
COMMAND: POST /session/6228608df3ce6ad3fc848614ea6b8bc4/url - {"url":"https://www.bayut.com/property/details-6331676.html"}
RESULT: {}
RESULT: {}
RESULT: {"script":"return (() => document.readyState === 'complete').apply(null, arguments)","args":[]}
RESULT: {"using":"xpath","value":"//div[@class=\"ad5c301a\"]//div[@class=\"a68e82ed\" and text()=\"Hospitals\"]"}
COMMAND: POST /session/6228608df3ce6ad3fc848614ea6b8bc4/element/f.FDC88E26BB9BB941B9960796444762B9.d.3CCC46D5871A7D844524032549BA595B.e.64/click - {}
RESULT: {"url":"https://www.bayut.com/property/details-6331676.html"}
COMMAND: POST /session/6228608df3ce6ad3fc848614ea6b8bc4/element - {"using":"xpath","value":"//div[@class=\"ad5c301a\"]//div[@class=\"a68e82ed\" and text()=\"Hospitals\"]"}
RESULT: {"using":"xpath","value":"//div[@class=\"ad5c301a\"]//div[@class=\"a68e82ed\" and text()=\"Hospitals\"]"}
COMMAND: POST /session/6228608df3ce6ad3fc848614ea6b8bc4/element/f.FDC88E26BB9BB941B9960796444762B9.d.3CCC46D5871A7D844524032549BA595B.e.64/click - {}
COMMAND: POST /session/6228608df3ce6ad3fc848614ea6b8bc4/element - {"using":"xpath","value":"//div[@class=\"ad5c301a\"]//div[@class=\"a68e82ed\" and text()=\"Hospitals\"]"}
RESULT: {"using":"xpath","value":"//div[@class=\"ad5c301a\"]//div[@class=\"a68e82ed\" and text()=\"Hospitals\"]"}
COMMAND: POST /session/6228608df3ce6ad3fc848614ea6b8bc4/element/f.FDC88E26BB9BB941B9960796444762B9.d.C8E7CA73FBAC3CD3FBC2D9A8984879FF.e.65/click - {}
RESULT: {}
COMMAND: POST /session/6228608df3ce6ad3fc848614ea6b8bc4/element - {"using":"xpath","value":"//canvas[@aria-label=\"Map\"]"}
RESULT: {"using":"xpath","value":"//canvas[@aria-label=\"Map\"]"}
COMMAND: POST /session/6228608df3ce6ad3fc848614ea6b8bc4/element - {"using":"xpath","value":"//canvas[@aria-label=\"Map\"]"}
RESULT: {"using":"xpath","value":"//canvas[@aria-label=\"Map\"]"}
COMMAND: POST /session/6228608df3ce6ad3fc848614ea6b8bc4/element - {"using":"xpath","value":"//canvas[@aria-label=\"Map\"]"}
RESULT: {"using":"xpath","value":"//canvas[@aria-label=\"Map\"]"}
COMMAND: POST /session/6228608df3ce6ad3fc848614ea6b8bc4/execute/sync - {"script":"return (function isElementDisplayed(element) {\n    function nodeIsElement(node) {\n        if (!node) {\n            return false;\n        }\n        switch (node.nodeType) {\n            case Node.ELEMEN ... (7807 more bytes)","args":[{"element-6066-11e4-a52e-4f735466cecf":"f.FDC88E26BB9BB941B9960796444762B9.d.C8E7CA73FBAC3CD3FBC2D9A8984879FF.e.87","ELEMENT":"f.FDC88E26BB9BB941B9960796444762B9.d.C8E7CA73FBAC3CD3FBC2D9A8984879FF.e.87"}]}
RESULT: {"script":"return (function isElementDisplayed(element) {\n    function nodeIsElement(node) {\n        if (!node) {\n            return false;\n        }\n        switch (node.nodeType) {\n            case Node.ELEMEN ... (7807 more bytes)","args":[{"element-6066-11e4-a52e-4f735466cecf":"f.FDC88E26BB9BB941B9960796444762B9.d.C8E7CA73FBAC3CD3FBC2D9A8984879FF.e.87","ELEMENT":"f.FDC88E26BB9BB941B9960796444762B9.d.C8E7CA73FBAC3CD3FBC2D9A8984879FF.e.87"}]}
COMMAND: POST /session/6228608df3ce6ad3fc848614ea6b8bc4/execute/sync - {"script":"return (function hideScrollBars(hide) {\n    try {\n        if (hide) {\n            document.body.style.overflow = 'hidden';\n        }\n        else {\n            document.body.style.overflow = '';\n        }\n    }\n    catch (e) {\n    }\n}).apply(null, arguments)","args":[true]}
RESULT: {"script":"return (function hideScrollBars(hide) {\n    try {\n        if (hide) {\n            document.body.style.overflow = 'hidden';\n        }\n        else {\n            document.body.style.overflow = '';\n        }\n    }\n    catch (e) {\n    }\n}).apply(null, arguments)","args":[true]}
COMMAND: POST /session/6228608df3ce6ad3fc848614ea6b8bc4/execute/sync - {"script":"return (function getScreenDimensions() {\n    var body = document.body;\n    var html = document.documentElement;\n    var bodyDimensions = {\n        scrollHeight: body == null ? 0 : body.scrollHeight,\n  ... (1101 more bytes)","args":[]}
RESULT: {"script":"return (function getScreenDimensions() {\n    var body = document.body;\n    var html = document.documentElement;\n    var bodyDimensions = {\n        scrollHeight: body == null ? 0 : body.scrollHeight,\n  ... (1101 more bytes)","args":[]}
COMMAND: GET /session/6228608df3ce6ad3fc848614ea6b8bc4/screenshot - {}
RESULT: {}
COMMAND: POST /session/6228608df3ce6ad3fc848614ea6b8bc4/execute/sync - {"script":"return (function hideScrollBars(hide) {\n    try {\n        if (hide) {\n            document.body.style.overflow = 'hidden';\n        }\n        else {\n            document.body.style.overflow = '';\n        }\n    }\n    catch (e) {\n    }\n}).apply(null, arguments)","args":[false]}
RESULT: {"script":"return (function hideScrollBars(hide) {\n    try {\n        if (hide) {\n            document.body.style.overflow = 'hidden';\n        }\n        else {\n            document.body.style.overflow = '';\n        }\n    }\n    catch (e) {\n    }\n}).apply(null, arguments)","args":[false]}
RESULT: undefined
COMMAND: DELETE /session/6228608df3ce6ad3fc848614ea6b8bc4 - {}
RESULT: {}
]]></system-out>
      <system-err><![CDATA[
Error: Unexpected result structure from checkScreen
    at DetailPage.CompareShot (file:///C:/Users/ahsham.khan/Desktop/WebDriver/BayutVisuals/test/pageobjects/page.js:60:23)
    at process.processTicksAndRejections (node:internal/process/task_queues:95:5)
    at async Context.<anonymous> (file:///C:/Users/ahsham.khan/Desktop/WebDriver/BayutVisuals/test/specs/DetailPage.specs.js:212:31)
]]></system-err>
    </testcase>
  </testsuite>
</testsuites>