<?xml version="1.0" encoding="UTF-8"?>
<testsuites tests="1" failures="1" errors="0" skipped="0">
  <testsuite name="Detail Page Suite" timestamp="2024-07-25T10:43:45" time="22.602" tests="1" failures="1" errors="0" skipped="0">
    <properties>
      <property name="specId" value="0"/>
      <property name="suiteName" value="Detail Page Suite"/>
      <property name="capabilities" value="chrome.126_0_6478_128.windows"/>
      <property name="file" value="file:///C:/Users/ahsham.khan/Desktop/WebDriver/BayutVisuals/test/specs/DetailPage.specs.js"/>
    </properties>
    <testcase classname="chrome.126_0_6478_128.windows.Detail_Page_Suite" name="Verify Appearence of Hospital section in Map View" time="22.587">
      <failure message="Unexpected result structure from checkScreen"/>
      <system-out><![CDATA[
COMMAND: POST /session/e5de08275d695c8efd3ff47021263e79/window/maximize - {}
COMMAND: DELETE /session/e5de08275d695c8efd3ff47021263e79/cookie - {}
COMMAND: POST /session/e5de08275d695c8efd3ff47021263e79/element - {"using":"xpath","value":"//div[@class=\"ad5c301a\"]//div[@class=\"a68e82ed\" and text()=\"Hospitals\"]"}
COMMAND: POST /session/e5de08275d695c8efd3ff47021263e79/url - {"url":"https://sl:getin1@stage.bayut.sector.run/property/details-6331676.html"}
RESULT: {}
RESULT: {}
RESULT: {"using":"xpath","value":"//div[@class=\"ad5c301a\"]//div[@class=\"a68e82ed\" and text()=\"Hospitals\"]"}
COMMAND: POST /session/e5de08275d695c8efd3ff47021263e79/elements - {"using":"xpath","value":"//div[@class=\"ad5c301a\"]//div[@class=\"a68e82ed\" and text()=\"Hospitals\"]"}
RESULT: {"url":"https://sl:getin1@stage.bayut.sector.run/property/details-6331676.html"}
RESULT: {"using":"xpath","value":"//div[@class=\"ad5c301a\"]//div[@class=\"a68e82ed\" and text()=\"Hospitals\"]"}
COMMAND: POST /session/e5de08275d695c8efd3ff47021263e79/element - {"using":"xpath","value":"//div[@class=\"ad5c301a\"]//div[@class=\"a68e82ed\" and text()=\"Hospitals\"]"}
RESULT: {"using":"xpath","value":"//div[@class=\"ad5c301a\"]//div[@class=\"a68e82ed\" and text()=\"Hospitals\"]"}
COMMAND: POST /session/e5de08275d695c8efd3ff47021263e79/element/f.BFF9C388826ADFA06A0E6E55E31303C4.d.B4D66A0EAE0CD2D574422FF0788B4B20.e.68/click - {}
RESULT: {}
COMMAND: POST /session/e5de08275d695c8efd3ff47021263e79/element - {"using":"xpath","value":"//canvas[@aria-label=\"Map\"]"}
RESULT: {"using":"xpath","value":"//canvas[@aria-label=\"Map\"]"}
COMMAND: POST /session/e5de08275d695c8efd3ff47021263e79/element - {"using":"xpath","value":"//canvas[@aria-label=\"Map\"]"}
RESULT: {"using":"xpath","value":"//canvas[@aria-label=\"Map\"]"}
COMMAND: POST /session/e5de08275d695c8efd3ff47021263e79/element - {"using":"xpath","value":"//canvas[@aria-label=\"Map\"]"}
RESULT: {"using":"xpath","value":"//canvas[@aria-label=\"Map\"]"}
COMMAND: POST /session/e5de08275d695c8efd3ff47021263e79/element - {"using":"xpath","value":"//canvas[@aria-label=\"Map\"]"}
RESULT: {"using":"xpath","value":"//canvas[@aria-label=\"Map\"]"}
COMMAND: POST /session/e5de08275d695c8efd3ff47021263e79/execute/sync - {"script":"return (function isElementDisplayed(element) {\n    function nodeIsElement(node) {\n        if (!node) {\n            return false;\n        }\n        switch (node.nodeType) {\n            case Node.ELEMEN ... (7807 more bytes)","args":[{"element-6066-11e4-a52e-4f735466cecf":"f.BFF9C388826ADFA06A0E6E55E31303C4.d.B4D66A0EAE0CD2D574422FF0788B4B20.e.92","ELEMENT":"f.BFF9C388826ADFA06A0E6E55E31303C4.d.B4D66A0EAE0CD2D574422FF0788B4B20.e.92"}]}
RESULT: {"script":"return (function isElementDisplayed(element) {\n    function nodeIsElement(node) {\n        if (!node) {\n            return false;\n        }\n        switch (node.nodeType) {\n            case Node.ELEMEN ... (7807 more bytes)","args":[{"element-6066-11e4-a52e-4f735466cecf":"f.BFF9C388826ADFA06A0E6E55E31303C4.d.B4D66A0EAE0CD2D574422FF0788B4B20.e.92","ELEMENT":"f.BFF9C388826ADFA06A0E6E55E31303C4.d.B4D66A0EAE0CD2D574422FF0788B4B20.e.92"}]}
COMMAND: POST /session/e5de08275d695c8efd3ff47021263e79/execute/sync - {"script":"return (function hideScrollBars(hide) {\n    try {\n        if (hide) {\n            document.body.style.overflow = 'hidden';\n        }\n        else {\n            document.body.style.overflow = '';\n        }\n    }\n    catch (e) {\n    }\n}).apply(null, arguments)","args":[true]}
RESULT: {"script":"return (function hideScrollBars(hide) {\n    try {\n        if (hide) {\n            document.body.style.overflow = 'hidden';\n        }\n        else {\n            document.body.style.overflow = '';\n        }\n    }\n    catch (e) {\n    }\n}).apply(null, arguments)","args":[true]}
COMMAND: POST /session/e5de08275d695c8efd3ff47021263e79/execute/sync - {"script":"return (function getScreenDimensions() {\n    var body = document.body;\n    var html = document.documentElement;\n    var bodyDimensions = {\n        scrollHeight: body == null ? 0 : body.scrollHeight,\n  ... (1101 more bytes)","args":[]}
RESULT: {"script":"return (function getScreenDimensions() {\n    var body = document.body;\n    var html = document.documentElement;\n    var bodyDimensions = {\n        scrollHeight: body == null ? 0 : body.scrollHeight,\n  ... (1101 more bytes)","args":[]}
COMMAND: GET /session/e5de08275d695c8efd3ff47021263e79/screenshot - {}
RESULT: {}
COMMAND: POST /session/e5de08275d695c8efd3ff47021263e79/execute/sync - {"script":"return (function hideScrollBars(hide) {\n    try {\n        if (hide) {\n            document.body.style.overflow = 'hidden';\n        }\n        else {\n            document.body.style.overflow = '';\n        }\n    }\n    catch (e) {\n    }\n}).apply(null, arguments)","args":[false]}
RESULT: {"script":"return (function hideScrollBars(hide) {\n    try {\n        if (hide) {\n            document.body.style.overflow = 'hidden';\n        }\n        else {\n            document.body.style.overflow = '';\n        }\n    }\n    catch (e) {\n    }\n}).apply(null, arguments)","args":[false]}
RESULT: undefined
COMMAND: POST /session/e5de08275d695c8efd3ff47021263e79/window/maximize - {}
COMMAND: DELETE /session/e5de08275d695c8efd3ff47021263e79/cookie - {}
COMMAND: POST /session/e5de08275d695c8efd3ff47021263e79/execute/sync - {"script":"return (() => document.readyState === 'complete').apply(null, arguments)","args":[]}
COMMAND: POST /session/e5de08275d695c8efd3ff47021263e79/element - {"using":"xpath","value":"//div[@class=\"ad5c301a\"]//div[@class=\"a68e82ed\" and text()=\"Hospitals\"]"}
COMMAND: POST /session/e5de08275d695c8efd3ff47021263e79/url - {"url":"https://www.bayut.com/property/details-6331676.html"}
RESULT: {}
RESULT: {}
RESULT: {"script":"return (() => document.readyState === 'complete').apply(null, arguments)","args":[]}
RESULT: {"using":"xpath","value":"//div[@class=\"ad5c301a\"]//div[@class=\"a68e82ed\" and text()=\"Hospitals\"]"}
COMMAND: POST /session/e5de08275d695c8efd3ff47021263e79/element/f.BFF9C388826ADFA06A0E6E55E31303C4.d.B4D66A0EAE0CD2D574422FF0788B4B20.e.68/click - {}
RESULT: {"url":"https://www.bayut.com/property/details-6331676.html"}
COMMAND: POST /session/e5de08275d695c8efd3ff47021263e79/element - {"using":"xpath","value":"//div[@class=\"ad5c301a\"]//div[@class=\"a68e82ed\" and text()=\"Hospitals\"]"}
RESULT: {"using":"xpath","value":"//div[@class=\"ad5c301a\"]//div[@class=\"a68e82ed\" and text()=\"Hospitals\"]"}
COMMAND: POST /session/e5de08275d695c8efd3ff47021263e79/element/f.BFF9C388826ADFA06A0E6E55E31303C4.d.B4D66A0EAE0CD2D574422FF0788B4B20.e.68/click - {}
COMMAND: POST /session/e5de08275d695c8efd3ff47021263e79/element - {"using":"xpath","value":"//div[@class=\"ad5c301a\"]//div[@class=\"a68e82ed\" and text()=\"Hospitals\"]"}
RESULT: {"using":"xpath","value":"//div[@class=\"ad5c301a\"]//div[@class=\"a68e82ed\" and text()=\"Hospitals\"]"}
COMMAND: POST /session/e5de08275d695c8efd3ff47021263e79/element/f.BFF9C388826ADFA06A0E6E55E31303C4.d.5735D0F30B4CE822E24EB92266266D84.e.63/click - {}
RESULT: {}
COMMAND: POST /session/e5de08275d695c8efd3ff47021263e79/element - {"using":"xpath","value":"//canvas[@aria-label=\"Map\"]"}
RESULT: {"using":"xpath","value":"//canvas[@aria-label=\"Map\"]"}
COMMAND: POST /session/e5de08275d695c8efd3ff47021263e79/element - {"using":"xpath","value":"//canvas[@aria-label=\"Map\"]"}
RESULT: {"using":"xpath","value":"//canvas[@aria-label=\"Map\"]"}
COMMAND: POST /session/e5de08275d695c8efd3ff47021263e79/execute/sync - {"script":"return (function isElementDisplayed(element) {\n    function nodeIsElement(node) {\n        if (!node) {\n            return false;\n        }\n        switch (node.nodeType) {\n            case Node.ELEMEN ... (7807 more bytes)","args":[{"element-6066-11e4-a52e-4f735466cecf":"f.BFF9C388826ADFA06A0E6E55E31303C4.d.5735D0F30B4CE822E24EB92266266D84.e.84","ELEMENT":"f.BFF9C388826ADFA06A0E6E55E31303C4.d.5735D0F30B4CE822E24EB92266266D84.e.84"}]}
RESULT: {"script":"return (function isElementDisplayed(element) {\n    function nodeIsElement(node) {\n        if (!node) {\n            return false;\n        }\n        switch (node.nodeType) {\n            case Node.ELEMEN ... (7807 more bytes)","args":[{"element-6066-11e4-a52e-4f735466cecf":"f.BFF9C388826ADFA06A0E6E55E31303C4.d.5735D0F30B4CE822E24EB92266266D84.e.84","ELEMENT":"f.BFF9C388826ADFA06A0E6E55E31303C4.d.5735D0F30B4CE822E24EB92266266D84.e.84"}]}
COMMAND: POST /session/e5de08275d695c8efd3ff47021263e79/execute/sync - {"script":"return (function hideScrollBars(hide) {\n    try {\n        if (hide) {\n            document.body.style.overflow = 'hidden';\n        }\n        else {\n            document.body.style.overflow = '';\n        }\n    }\n    catch (e) {\n    }\n}).apply(null, arguments)","args":[true]}
RESULT: {"script":"return (function hideScrollBars(hide) {\n    try {\n        if (hide) {\n            document.body.style.overflow = 'hidden';\n        }\n        else {\n            document.body.style.overflow = '';\n        }\n    }\n    catch (e) {\n    }\n}).apply(null, arguments)","args":[true]}
COMMAND: POST /session/e5de08275d695c8efd3ff47021263e79/execute/sync - {"script":"return (function getScreenDimensions() {\n    var body = document.body;\n    var html = document.documentElement;\n    var bodyDimensions = {\n        scrollHeight: body == null ? 0 : body.scrollHeight,\n  ... (1101 more bytes)","args":[]}
RESULT: {"script":"return (function getScreenDimensions() {\n    var body = document.body;\n    var html = document.documentElement;\n    var bodyDimensions = {\n        scrollHeight: body == null ? 0 : body.scrollHeight,\n  ... (1101 more bytes)","args":[]}
COMMAND: GET /session/e5de08275d695c8efd3ff47021263e79/screenshot - {}
RESULT: {}
COMMAND: POST /session/e5de08275d695c8efd3ff47021263e79/execute/sync - {"script":"return (function hideScrollBars(hide) {\n    try {\n        if (hide) {\n            document.body.style.overflow = 'hidden';\n        }\n        else {\n            document.body.style.overflow = '';\n        }\n    }\n    catch (e) {\n    }\n}).apply(null, arguments)","args":[false]}
RESULT: {"script":"return (function hideScrollBars(hide) {\n    try {\n        if (hide) {\n            document.body.style.overflow = 'hidden';\n        }\n        else {\n            document.body.style.overflow = '';\n        }\n    }\n    catch (e) {\n    }\n}).apply(null, arguments)","args":[false]}
RESULT: undefined
COMMAND: DELETE /session/e5de08275d695c8efd3ff47021263e79 - {}
RESULT: {}
]]></system-out>
      <system-err><![CDATA[
Error: Unexpected result structure from checkScreen
    at DetailPage.CompareShot (file:///C:/Users/ahsham.khan/Desktop/WebDriver/BayutVisuals/test/pageobjects/page.js:88:23)
    at async Context.<anonymous> (file:///C:/Users/ahsham.khan/Desktop/WebDriver/BayutVisuals/test/specs/DetailPage.specs.js:212:31)
]]></system-err>
    </testcase>
  </testsuite>
</testsuites>