<?xml version="1.0" encoding="UTF-8"?>
<testsuites tests="1" failures="1" errors="0" skipped="0">
  <testsuite name="Detail Page Suite" timestamp="2024-07-24T18:05:24" time="28.181" tests="1" failures="1" errors="0" skipped="0">
    <properties>
      <property name="specId" value="0"/>
      <property name="suiteName" value="Detail Page Suite"/>
      <property name="capabilities" value="chrome.126_0_6478_128.windows"/>
      <property name="file" value="file:///C:/Users/ahsham.khan/Desktop/WebDriver/BayutVisuals/test/specs/DetailPage.specs.js"/>
    </properties>
    <testcase classname="chrome.126_0_6478_128.windows.Detail_Page_Suite" name="Verify Appearence of Hospital section in Map View" time="28.174">
      <failure message="expect(received).toEqual(expected) // deep equality&#xA;&#xA;Expected: 0&#xA;Received: 0.28"/>
      <system-out><![CDATA[
COMMAND: POST /session/d7c96dc136a2bd9608d14d545c0b29db/window/maximize - {}
COMMAND: DELETE /session/d7c96dc136a2bd9608d14d545c0b29db/cookie - {}
COMMAND: POST /session/d7c96dc136a2bd9608d14d545c0b29db/element - {"using":"xpath","value":"//div[@class=\"ad5c301a\"]//div[@class=\"a68e82ed\" and text()=\"Hospitals\"]"}
COMMAND: POST /session/d7c96dc136a2bd9608d14d545c0b29db/url - {"url":"https://sl:getin1@stage.bayut.sector.run/property/details-6331676.html"}
RESULT: {}
RESULT: {}
RESULT: {"using":"xpath","value":"//div[@class=\"ad5c301a\"]//div[@class=\"a68e82ed\" and text()=\"Hospitals\"]"}
COMMAND: POST /session/d7c96dc136a2bd9608d14d545c0b29db/elements - {"using":"xpath","value":"//div[@class=\"ad5c301a\"]//div[@class=\"a68e82ed\" and text()=\"Hospitals\"]"}
RESULT: {"url":"https://sl:getin1@stage.bayut.sector.run/property/details-6331676.html"}
RESULT: {"using":"xpath","value":"//div[@class=\"ad5c301a\"]//div[@class=\"a68e82ed\" and text()=\"Hospitals\"]"}
COMMAND: POST /session/d7c96dc136a2bd9608d14d545c0b29db/element - {"using":"xpath","value":"//div[@class=\"ad5c301a\"]//div[@class=\"a68e82ed\" and text()=\"Hospitals\"]"}
RESULT: {"using":"xpath","value":"//div[@class=\"ad5c301a\"]//div[@class=\"a68e82ed\" and text()=\"Hospitals\"]"}
COMMAND: POST /session/d7c96dc136a2bd9608d14d545c0b29db/element/f.15E5BCE954C954E122C0D8CD9BF1193E.d.5FFFDC70C696D04B75FEBB679501C182.e.68/click - {}
RESULT: {}
COMMAND: POST /session/d7c96dc136a2bd9608d14d545c0b29db/element - {"using":"xpath","value":"//canvas[@aria-label=\"Map\"]"}
RESULT: {"using":"xpath","value":"//canvas[@aria-label=\"Map\"]"}
COMMAND: POST /session/d7c96dc136a2bd9608d14d545c0b29db/element - {"using":"xpath","value":"//canvas[@aria-label=\"Map\"]"}
RESULT: {"using":"xpath","value":"//canvas[@aria-label=\"Map\"]"}
COMMAND: POST /session/d7c96dc136a2bd9608d14d545c0b29db/element - {"using":"xpath","value":"//canvas[@aria-label=\"Map\"]"}
RESULT: {"using":"xpath","value":"//canvas[@aria-label=\"Map\"]"}
COMMAND: POST /session/d7c96dc136a2bd9608d14d545c0b29db/element - {"using":"xpath","value":"//canvas[@aria-label=\"Map\"]"}
RESULT: {"using":"xpath","value":"//canvas[@aria-label=\"Map\"]"}
COMMAND: POST /session/d7c96dc136a2bd9608d14d545c0b29db/execute/sync - {"script":"return (function isElementDisplayed(element) {\n    function nodeIsElement(node) {\n        if (!node) {\n            return false;\n        }\n        switch (node.nodeType) {\n            case Node.ELEMEN ... (7807 more bytes)","args":[{"element-6066-11e4-a52e-4f735466cecf":"f.15E5BCE954C954E122C0D8CD9BF1193E.d.5FFFDC70C696D04B75FEBB679501C182.e.89","ELEMENT":"f.15E5BCE954C954E122C0D8CD9BF1193E.d.5FFFDC70C696D04B75FEBB679501C182.e.89"}]}
RESULT: {"script":"return (function isElementDisplayed(element) {\n    function nodeIsElement(node) {\n        if (!node) {\n            return false;\n        }\n        switch (node.nodeType) {\n            case Node.ELEMEN ... (7807 more bytes)","args":[{"element-6066-11e4-a52e-4f735466cecf":"f.15E5BCE954C954E122C0D8CD9BF1193E.d.5FFFDC70C696D04B75FEBB679501C182.e.89","ELEMENT":"f.15E5BCE954C954E122C0D8CD9BF1193E.d.5FFFDC70C696D04B75FEBB679501C182.e.89"}]}
COMMAND: POST /session/d7c96dc136a2bd9608d14d545c0b29db/execute/sync - {"script":"return (function hideScrollBars(hide) {\n    try {\n        if (hide) {\n            document.body.style.overflow = 'hidden';\n        }\n        else {\n            document.body.style.overflow = '';\n        }\n    }\n    catch (e) {\n    }\n}).apply(null, arguments)","args":[true]}
RESULT: {"script":"return (function hideScrollBars(hide) {\n    try {\n        if (hide) {\n            document.body.style.overflow = 'hidden';\n        }\n        else {\n            document.body.style.overflow = '';\n        }\n    }\n    catch (e) {\n    }\n}).apply(null, arguments)","args":[true]}
COMMAND: POST /session/d7c96dc136a2bd9608d14d545c0b29db/execute/sync - {"script":"return (function getScreenDimensions() {\n    var body = document.body;\n    var html = document.documentElement;\n    var bodyDimensions = {\n        scrollHeight: body == null ? 0 : body.scrollHeight,\n  ... (1101 more bytes)","args":[]}
RESULT: {"script":"return (function getScreenDimensions() {\n    var body = document.body;\n    var html = document.documentElement;\n    var bodyDimensions = {\n        scrollHeight: body == null ? 0 : body.scrollHeight,\n  ... (1101 more bytes)","args":[]}
COMMAND: GET /session/d7c96dc136a2bd9608d14d545c0b29db/screenshot - {}
RESULT: {}
COMMAND: POST /session/d7c96dc136a2bd9608d14d545c0b29db/execute/sync - {"script":"return (function hideScrollBars(hide) {\n    try {\n        if (hide) {\n            document.body.style.overflow = 'hidden';\n        }\n        else {\n            document.body.style.overflow = '';\n        }\n    }\n    catch (e) {\n    }\n}).apply(null, arguments)","args":[false]}
RESULT: {"script":"return (function hideScrollBars(hide) {\n    try {\n        if (hide) {\n            document.body.style.overflow = 'hidden';\n        }\n        else {\n            document.body.style.overflow = '';\n        }\n    }\n    catch (e) {\n    }\n}).apply(null, arguments)","args":[false]}
RESULT: undefined
COMMAND: POST /session/d7c96dc136a2bd9608d14d545c0b29db/window/maximize - {}
COMMAND: DELETE /session/d7c96dc136a2bd9608d14d545c0b29db/cookie - {}
COMMAND: POST /session/d7c96dc136a2bd9608d14d545c0b29db/execute/sync - {"script":"return (() => document.readyState === 'complete').apply(null, arguments)","args":[]}
COMMAND: POST /session/d7c96dc136a2bd9608d14d545c0b29db/element - {"using":"xpath","value":"//div[@class=\"ad5c301a\"]//div[@class=\"a68e82ed\" and text()=\"Hospitals\"]"}
COMMAND: POST /session/d7c96dc136a2bd9608d14d545c0b29db/url - {"url":"https://www.bayut.com/property/details-6331676.html"}
RESULT: {}
RESULT: {}
RESULT: {"script":"return (() => document.readyState === 'complete').apply(null, arguments)","args":[]}
RESULT: {"using":"xpath","value":"//div[@class=\"ad5c301a\"]//div[@class=\"a68e82ed\" and text()=\"Hospitals\"]"}
COMMAND: POST /session/d7c96dc136a2bd9608d14d545c0b29db/element/f.15E5BCE954C954E122C0D8CD9BF1193E.d.5FFFDC70C696D04B75FEBB679501C182.e.68/click - {}
RESULT: {"url":"https://www.bayut.com/property/details-6331676.html"}
COMMAND: POST /session/d7c96dc136a2bd9608d14d545c0b29db/element - {"using":"xpath","value":"//div[@class=\"ad5c301a\"]//div[@class=\"a68e82ed\" and text()=\"Hospitals\"]"}
RESULT: {"using":"xpath","value":"//div[@class=\"ad5c301a\"]//div[@class=\"a68e82ed\" and text()=\"Hospitals\"]"}
COMMAND: POST /session/d7c96dc136a2bd9608d14d545c0b29db/element/f.15E5BCE954C954E122C0D8CD9BF1193E.d.5FFFDC70C696D04B75FEBB679501C182.e.68/click - {}
COMMAND: POST /session/d7c96dc136a2bd9608d14d545c0b29db/element - {"using":"xpath","value":"//div[@class=\"ad5c301a\"]//div[@class=\"a68e82ed\" and text()=\"Hospitals\"]"}
RESULT: {"using":"xpath","value":"//div[@class=\"ad5c301a\"]//div[@class=\"a68e82ed\" and text()=\"Hospitals\"]"}
COMMAND: POST /session/d7c96dc136a2bd9608d14d545c0b29db/element/f.15E5BCE954C954E122C0D8CD9BF1193E.d.FD52D778AFF9F3E1C8B3314932236219.e.65/click - {}
RESULT: {}
COMMAND: POST /session/d7c96dc136a2bd9608d14d545c0b29db/element - {"using":"xpath","value":"//canvas[@aria-label=\"Map\"]"}
RESULT: {"using":"xpath","value":"//canvas[@aria-label=\"Map\"]"}
COMMAND: POST /session/d7c96dc136a2bd9608d14d545c0b29db/element - {"using":"xpath","value":"//canvas[@aria-label=\"Map\"]"}
RESULT: {"using":"xpath","value":"//canvas[@aria-label=\"Map\"]"}
COMMAND: POST /session/d7c96dc136a2bd9608d14d545c0b29db/element - {"using":"xpath","value":"//canvas[@aria-label=\"Map\"]"}
RESULT: {"using":"xpath","value":"//canvas[@aria-label=\"Map\"]"}
COMMAND: POST /session/d7c96dc136a2bd9608d14d545c0b29db/execute/sync - {"script":"return (function isElementDisplayed(element) {\n    function nodeIsElement(node) {\n        if (!node) {\n            return false;\n        }\n        switch (node.nodeType) {\n            case Node.ELEMEN ... (7807 more bytes)","args":[{"element-6066-11e4-a52e-4f735466cecf":"f.15E5BCE954C954E122C0D8CD9BF1193E.d.FD52D778AFF9F3E1C8B3314932236219.e.66","ELEMENT":"f.15E5BCE954C954E122C0D8CD9BF1193E.d.FD52D778AFF9F3E1C8B3314932236219.e.66"}]}
RESULT: {"script":"return (function isElementDisplayed(element) {\n    function nodeIsElement(node) {\n        if (!node) {\n            return false;\n        }\n        switch (node.nodeType) {\n            case Node.ELEMEN ... (7807 more bytes)","args":[{"element-6066-11e4-a52e-4f735466cecf":"f.15E5BCE954C954E122C0D8CD9BF1193E.d.FD52D778AFF9F3E1C8B3314932236219.e.66","ELEMENT":"f.15E5BCE954C954E122C0D8CD9BF1193E.d.FD52D778AFF9F3E1C8B3314932236219.e.66"}]}
COMMAND: POST /session/d7c96dc136a2bd9608d14d545c0b29db/execute/sync - {"script":"return (function hideScrollBars(hide) {\n    try {\n        if (hide) {\n            document.body.style.overflow = 'hidden';\n        }\n        else {\n            document.body.style.overflow = '';\n        }\n    }\n    catch (e) {\n    }\n}).apply(null, arguments)","args":[true]}
RESULT: {"script":"return (function hideScrollBars(hide) {\n    try {\n        if (hide) {\n            document.body.style.overflow = 'hidden';\n        }\n        else {\n            document.body.style.overflow = '';\n        }\n    }\n    catch (e) {\n    }\n}).apply(null, arguments)","args":[true]}
COMMAND: POST /session/d7c96dc136a2bd9608d14d545c0b29db/execute/sync - {"script":"return (function getScreenDimensions() {\n    var body = document.body;\n    var html = document.documentElement;\n    var bodyDimensions = {\n        scrollHeight: body == null ? 0 : body.scrollHeight,\n  ... (1101 more bytes)","args":[]}
RESULT: {"script":"return (function getScreenDimensions() {\n    var body = document.body;\n    var html = document.documentElement;\n    var bodyDimensions = {\n        scrollHeight: body == null ? 0 : body.scrollHeight,\n  ... (1101 more bytes)","args":[]}
COMMAND: GET /session/d7c96dc136a2bd9608d14d545c0b29db/screenshot - {}
RESULT: {}
COMMAND: POST /session/d7c96dc136a2bd9608d14d545c0b29db/execute/sync - {"script":"return (function hideScrollBars(hide) {\n    try {\n        if (hide) {\n            document.body.style.overflow = 'hidden';\n        }\n        else {\n            document.body.style.overflow = '';\n        }\n    }\n    catch (e) {\n    }\n}).apply(null, arguments)","args":[false]}
RESULT: {"script":"return (function hideScrollBars(hide) {\n    try {\n        if (hide) {\n            document.body.style.overflow = 'hidden';\n        }\n        else {\n            document.body.style.overflow = '';\n        }\n    }\n    catch (e) {\n    }\n}).apply(null, arguments)","args":[false]}
RESULT: undefined
COMMAND: DELETE /session/d7c96dc136a2bd9608d14d545c0b29db - {}
RESULT: {}
]]></system-out>
      <system-err><![CDATA[
Error: expect(received).toEqual(expected) // deep equality

Expected: 0
Received: 0.28
    at DetailPage.CompareShot (file:///C:/Users/ahsham.khan/Desktop/WebDriver/BayutVisuals/test/pageobjects/page.js:47:34)
    at async Context.<anonymous> (file:///C:/Users/ahsham.khan/Desktop/WebDriver/BayutVisuals/test/specs/DetailPage.specs.js:212:31)
]]></system-err>
    </testcase>
  </testsuite>
</testsuites>