<?xml version="1.0" encoding="UTF-8"?>
<testsuites tests="1" failures="0" errors="0" skipped="0">
  <testsuite name="AgentHomePage Suite" timestamp="2025-05-20T16:21:59" time="14.63" tests="1" failures="0" errors="0" skipped="0">
    <properties>
      <property name="specId" value="0"/>
      <property name="suiteName" value="AgentHomePage Suite"/>
      <property name="capabilities" value="chrome.136_0_7103_114.mac"/>
      <property name="file" value="file://./test/specs/agentHomepage.specs.js"/>
    </properties>
    <testcase classname="chrome.136_0_7103_114.mac.AgentHomePage_Suite" name="TC1" time="14.625">
      <system-out><![CDATA[
COMMAND: POST /session/cd47e3784f569e4dede56d7651156886/window/maximize - {}
RESULT: {}
COMMAND: GET /session/cd47e3784f569e4dede56d7651156886/screenshot - {}
RESULT: {}
RESULT: undefined
COMMAND: POST /session/cd47e3784f569e4dede56d7651156886/window/maximize - {}
RESULT: {}
COMMAND: POST /session/cd47e3784f569e4dede56d7651156886/element - {"using":"xpath","value":"//input[@name=\"username\"]"}
RESULT: {"using":"xpath","value":"//input[@name=\"username\"]"}
COMMAND: GET /session/cd47e3784f569e4dede56d7651156886/element/f.64EAC7C70C62695B21539EA86FBA64EB.d.9F47BA9E67677BA6B5DD190753E960B0.e.3/css/display - {}
RESULT: {}
COMMAND: POST /session/cd47e3784f569e4dede56d7651156886/element/f.64EAC7C70C62695B21539EA86FBA64EB.d.9F47BA9E67677BA6B5DD190753E960B0.e.3/clear - {}
RESULT: {}
COMMAND: POST /session/cd47e3784f569e4dede56d7651156886/element/f.64EAC7C70C62695B21539EA86FBA64EB.d.9F47BA9E67677BA6B5DD190753E960B0.e.3/value - {"text":"sl"}
RESULT: {"text":"sl"}
COMMAND: POST /session/cd47e3784f569e4dede56d7651156886/element/f.64EAC7C70C62695B21539EA86FBA64EB.d.9F47BA9E67677BA6B5DD190753E960B0.e.4/clear - {}
RESULT: {}
COMMAND: POST /session/cd47e3784f569e4dede56d7651156886/element/f.64EAC7C70C62695B21539EA86FBA64EB.d.9F47BA9E67677BA6B5DD190753E960B0.e.4/value - {"text":"getin1"}
RESULT: {"text":"getin1"}
COMMAND: POST /session/cd47e3784f569e4dede56d7651156886/element/f.64EAC7C70C62695B21539EA86FBA64EB.d.9F47BA9E67677BA6B5DD190753E960B0.e.5/click - {}
RESULT: {}
COMMAND: GET /session/cd47e3784f569e4dede56d7651156886/screenshot - {}
RESULT: {}
RESULT: undefined
COMMAND: DELETE /session/cd47e3784f569e4dede56d7651156886 - {}
RESULT: {}
]]></system-out>
    </testcase>
  </testsuite>
</testsuites>