<?xml version="1.0" encoding="UTF-8"?>
<testsuites tests="2" failures="0" errors="0" skipped="0">
  <testsuite name="Detail Page Suite" timestamp="2024-07-24T11:56:50" time="38.917" tests="2" failures="0" errors="0" skipped="0">
    <properties>
      <property name="specId" value="0"/>
      <property name="suiteName" value="Detail Page Suite"/>
      <property name="capabilities" value="chrome.126_0_6478_128.windows"/>
      <property name="file" value="file:///C:/Users/ahsham.khan/Desktop/WebDriver/BayutVisuals/test/specs/DetailPage.specs.js"/>
    </properties>
    <testcase classname="chrome.126_0_6478_128.windows.Detail_Page_Suite" name="Verify Agent Agency card" time="21.806">
      <system-out><![CDATA[
COMMAND: POST /session/47b76ea039a9f33d3bcabe8e115a196b/window/maximize - {}
COMMAND: DELETE /session/47b76ea039a9f33d3bcabe8e115a196b/cookie - {}
COMMAND: POST /session/47b76ea039a9f33d3bcabe8e115a196b/element - {"using":"xpath","value":"//div[@aria-label=\"Agency info\" and @class=\"_948d9e0a e6c84807 _95d4067f\"]"}
COMMAND: POST /session/47b76ea039a9f33d3bcabe8e115a196b/url - {"url":"https://sl:getin1@stage.bayut.sector.run/property/details-6331676.html"}
RESULT: {}
RESULT: {}
RESULT: {"using":"xpath","value":"//div[@aria-label=\"Agency info\" and @class=\"_948d9e0a e6c84807 _95d4067f\"]"}
COMMAND: POST /session/47b76ea039a9f33d3bcabe8e115a196b/elements - {"using":"xpath","value":"//div[@aria-label=\"Agency info\" and @class=\"_948d9e0a e6c84807 _95d4067f\"]"}
RESULT: {"url":"https://sl:getin1@stage.bayut.sector.run/property/details-6331676.html"}
RESULT: {"using":"xpath","value":"//div[@aria-label=\"Agency info\" and @class=\"_948d9e0a e6c84807 _95d4067f\"]"}
COMMAND: POST /session/47b76ea039a9f33d3bcabe8e115a196b/elements - {"using":"xpath","value":"//div[@aria-label=\"Agency info\" and @class=\"_948d9e0a e6c84807 _95d4067f\"]"}
RESULT: {"using":"xpath","value":"//div[@aria-label=\"Agency info\" and @class=\"_948d9e0a e6c84807 _95d4067f\"]"}
COMMAND: POST /session/47b76ea039a9f33d3bcabe8e115a196b/element - {"using":"xpath","value":"//div[@aria-label=\"Agency info\" and @class=\"_948d9e0a e6c84807 _95d4067f\"]"}
RESULT: {"using":"xpath","value":"//div[@aria-label=\"Agency info\" and @class=\"_948d9e0a e6c84807 _95d4067f\"]"}
COMMAND: GET /session/47b76ea039a9f33d3bcabe8e115a196b/element/f.217BB496CC704454101C753842561FDE.d.2E1CE1E787EAE72158ECED693D15C15B.e.61/rect - {}
RESULT: {}
COMMAND: GET /session/47b76ea039a9f33d3bcabe8e115a196b/window/rect - {}
RESULT: {}
COMMAND: POST /session/47b76ea039a9f33d3bcabe8e115a196b/execute/sync - {"script":"return (() => [\n        window.scrollX, window.scrollY\n    ]).apply(null, arguments)","args":[]}
RESULT: {"script":"return (() => [\n        window.scrollX, window.scrollY\n    ]).apply(null, arguments)","args":[]}
COMMAND: POST /session/47b76ea039a9f33d3bcabe8e115a196b/actions - {"actions":[{"id":"action1","type":"wheel","parameters":{},"actions":[{"type":"scroll","x":0,"y":0,"deltaX":-194,"deltaY":775,"duration":200,"origin":{"element-6066-11e4-a52e-4f735466cecf":"f.217BB496CC704454101C753842561FDE.d.2E1CE1E787EAE72158ECED693D15C15B.e.61"}}]}]}
RESULT: {"actions":[{"id":"action1","type":"wheel","parameters":{},"actions":[{"type":"scroll","x":0,"y":0,"deltaX":-194,"deltaY":775,"duration":200,"origin":{"element-6066-11e4-a52e-4f735466cecf":"f.217BB496CC704454101C753842561FDE.d.2E1CE1E787EAE72158ECED693D15C15B.e.61"}}]}]}
COMMAND: DELETE /session/47b76ea039a9f33d3bcabe8e115a196b/actions - {}
RESULT: {}
COMMAND: POST /session/47b76ea039a9f33d3bcabe8e115a196b/execute/sync - {"script":"return (function hideScrollBars(hide) {\n    try {\n        if (hide) {\n            document.body.style.overflow = 'hidden';\n        }\n        else {\n            document.body.style.overflow = '';\n        }\n    }\n    catch (e) {\n    }\n}).apply(null, arguments)","args":[true]}
RESULT: {"script":"return (function hideScrollBars(hide) {\n    try {\n        if (hide) {\n            document.body.style.overflow = 'hidden';\n        }\n        else {\n            document.body.style.overflow = '';\n        }\n    }\n    catch (e) {\n    }\n}).apply(null, arguments)","args":[true]}
COMMAND: POST /session/47b76ea039a9f33d3bcabe8e115a196b/execute/sync - {"script":"return (function getScreenDimensions() {\n    var body = document.body;\n    var html = document.documentElement;\n    var bodyDimensions = {\n        scrollHeight: body == null ? 0 : body.scrollHeight,\n  ... (1101 more bytes)","args":[]}
RESULT: {"script":"return (function getScreenDimensions() {\n    var body = document.body;\n    var html = document.documentElement;\n    var bodyDimensions = {\n        scrollHeight: body == null ? 0 : body.scrollHeight,\n  ... (1101 more bytes)","args":[]}
COMMAND: GET /session/47b76ea039a9f33d3bcabe8e115a196b/screenshot - {}
RESULT: {}
COMMAND: POST /session/47b76ea039a9f33d3bcabe8e115a196b/execute/sync - {"script":"return (function hideScrollBars(hide) {\n    try {\n        if (hide) {\n            document.body.style.overflow = 'hidden';\n        }\n        else {\n            document.body.style.overflow = '';\n        }\n    }\n    catch (e) {\n    }\n}).apply(null, arguments)","args":[false]}
RESULT: {"script":"return (function hideScrollBars(hide) {\n    try {\n        if (hide) {\n            document.body.style.overflow = 'hidden';\n        }\n        else {\n            document.body.style.overflow = '';\n        }\n    }\n    catch (e) {\n    }\n}).apply(null, arguments)","args":[false]}
RESULT: undefined
COMMAND: POST /session/47b76ea039a9f33d3bcabe8e115a196b/window/maximize - {}
COMMAND: DELETE /session/47b76ea039a9f33d3bcabe8e115a196b/cookie - {}
COMMAND: POST /session/47b76ea039a9f33d3bcabe8e115a196b/execute/sync - {"script":"return (() => document.readyState === 'complete').apply(null, arguments)","args":[]}
COMMAND: POST /session/47b76ea039a9f33d3bcabe8e115a196b/execute/sync - {"script":"return (function hideScrollBars(hide) {\n    try {\n        if (hide) {\n            document.body.style.overflow = 'hidden';\n        }\n        else {\n            document.body.style.overflow = '';\n        }\n    }\n    catch (e) {\n    }\n}).apply(null, arguments)","args":[true]}
COMMAND: POST /session/47b76ea039a9f33d3bcabe8e115a196b/url - {"url":"https://www.bayut.com/property/details-6331676.html"}
RESULT: {}
RESULT: {}
RESULT: {"script":"return (() => document.readyState === 'complete').apply(null, arguments)","args":[]}
RESULT: {"script":"return (function hideScrollBars(hide) {\n    try {\n        if (hide) {\n            document.body.style.overflow = 'hidden';\n        }\n        else {\n            document.body.style.overflow = '';\n        }\n    }\n    catch (e) {\n    }\n}).apply(null, arguments)","args":[true]}
COMMAND: POST /session/47b76ea039a9f33d3bcabe8e115a196b/execute/sync - {"script":"return (function getScreenDimensions() {\n    var body = document.body;\n    var html = document.documentElement;\n    var bodyDimensions = {\n        scrollHeight: body == null ? 0 : body.scrollHeight,\n  ... (1101 more bytes)","args":[]}
RESULT: {"url":"https://www.bayut.com/property/details-6331676.html"}
RESULT: {"script":"return (function getScreenDimensions() {\n    var body = document.body;\n    var html = document.documentElement;\n    var bodyDimensions = {\n        scrollHeight: body == null ? 0 : body.scrollHeight,\n  ... (1101 more bytes)","args":[]}
COMMAND: GET /session/47b76ea039a9f33d3bcabe8e115a196b/screenshot - {}
RESULT: {}
COMMAND: POST /session/47b76ea039a9f33d3bcabe8e115a196b/execute/sync - {"script":"return (function hideScrollBars(hide) {\n    try {\n        if (hide) {\n            document.body.style.overflow = 'hidden';\n        }\n        else {\n            document.body.style.overflow = '';\n        }\n    }\n    catch (e) {\n    }\n}).apply(null, arguments)","args":[false]}
RESULT: {"script":"return (function hideScrollBars(hide) {\n    try {\n        if (hide) {\n            document.body.style.overflow = 'hidden';\n        }\n        else {\n            document.body.style.overflow = '';\n        }\n    }\n    catch (e) {\n    }\n}).apply(null, arguments)","args":[false]}
RESULT: undefined
]]></system-out>
    </testcase>
    <testcase classname="chrome.126_0_6478_128.windows.Detail_Page_Suite" name="Verify Agent Agency card 2" time="17.083">
      <system-out><![CDATA[
COMMAND: POST /session/47b76ea039a9f33d3bcabe8e115a196b/window/maximize - {}
COMMAND: DELETE /session/47b76ea039a9f33d3bcabe8e115a196b/cookie - {}
COMMAND: POST /session/47b76ea039a9f33d3bcabe8e115a196b/element - {"using":"xpath","value":"//div[@aria-label=\"Agency info\" and @class=\"_948d9e0a e6c84807 _95d4067f\"]"}
COMMAND: POST /session/47b76ea039a9f33d3bcabe8e115a196b/url - {"url":"https://sl:getin1@stage.bayut.sector.run/property/details-6331676.html"}
RESULT: {}
RESULT: {}
RESULT: {"using":"xpath","value":"//div[@aria-label=\"Agency info\" and @class=\"_948d9e0a e6c84807 _95d4067f\"]"}
COMMAND: POST /session/47b76ea039a9f33d3bcabe8e115a196b/elements - {"using":"xpath","value":"//div[@aria-label=\"Agency info\" and @class=\"_948d9e0a e6c84807 _95d4067f\"]"}
RESULT: {"url":"https://sl:getin1@stage.bayut.sector.run/property/details-6331676.html"}
RESULT: {"using":"xpath","value":"//div[@aria-label=\"Agency info\" and @class=\"_948d9e0a e6c84807 _95d4067f\"]"}
COMMAND: GET /session/47b76ea039a9f33d3bcabe8e115a196b/element/f.217BB496CC704454101C753842561FDE.d.977CF3D625D9EB0A5CB0177EE11CF3A9.e.64/rect - {}
COMMAND: POST /session/47b76ea039a9f33d3bcabe8e115a196b/element - {"using":"xpath","value":"//div[@aria-label=\"Agency info\" and @class=\"_948d9e0a e6c84807 _95d4067f\"]"}
RESULT: {"using":"xpath","value":"//div[@aria-label=\"Agency info\" and @class=\"_948d9e0a e6c84807 _95d4067f\"]"}
COMMAND: GET /session/47b76ea039a9f33d3bcabe8e115a196b/element/f.217BB496CC704454101C753842561FDE.d.D78C36737D7494886435AB4579DEAE78.e.68/rect - {}
RESULT: {}
COMMAND: GET /session/47b76ea039a9f33d3bcabe8e115a196b/window/rect - {}
RESULT: {}
COMMAND: POST /session/47b76ea039a9f33d3bcabe8e115a196b/execute/sync - {"script":"return (() => [\n        window.scrollX, window.scrollY\n    ]).apply(null, arguments)","args":[]}
RESULT: {"script":"return (() => [\n        window.scrollX, window.scrollY\n    ]).apply(null, arguments)","args":[]}
COMMAND: POST /session/47b76ea039a9f33d3bcabe8e115a196b/actions - {"actions":[{"id":"action2","type":"wheel","parameters":{},"actions":[{"type":"scroll","x":0,"y":0,"deltaX":-194,"deltaY":775,"duration":200,"origin":{"element-6066-11e4-a52e-4f735466cecf":"f.217BB496CC704454101C753842561FDE.d.977CF3D625D9EB0A5CB0177EE11CF3A9.e.64"}}]}]}
COMMAND: POST /session/47b76ea039a9f33d3bcabe8e115a196b/execute/sync - {"script":"return ((elem, options) => elem.scrollIntoView(options)).apply(null, arguments)","args":[{"element-6066-11e4-a52e-4f735466cecf":"f.217BB496CC704454101C753842561FDE.d.D78C36737D7494886435AB4579DEAE78.e.68","ELEMENT":"f.217BB496CC704454101C753842561FDE.d.D78C36737D7494886435AB4579DEAE78.e.68"},{"block":"start","inline":"nearest"}]}
RESULT: {"script":"return ((elem, options) => elem.scrollIntoView(options)).apply(null, arguments)","args":[{"element-6066-11e4-a52e-4f735466cecf":"f.217BB496CC704454101C753842561FDE.d.D78C36737D7494886435AB4579DEAE78.e.68","ELEMENT":"f.217BB496CC704454101C753842561FDE.d.D78C36737D7494886435AB4579DEAE78.e.68"},{"block":"start","inline":"nearest"}]}
COMMAND: POST /session/47b76ea039a9f33d3bcabe8e115a196b/execute/sync - {"script":"return (function hideScrollBars(hide) {\n    try {\n        if (hide) {\n            document.body.style.overflow = 'hidden';\n        }\n        else {\n            document.body.style.overflow = '';\n        }\n    }\n    catch (e) {\n    }\n}).apply(null, arguments)","args":[true]}
RESULT: {"script":"return (function hideScrollBars(hide) {\n    try {\n        if (hide) {\n            document.body.style.overflow = 'hidden';\n        }\n        else {\n            document.body.style.overflow = '';\n        }\n    }\n    catch (e) {\n    }\n}).apply(null, arguments)","args":[true]}
COMMAND: POST /session/47b76ea039a9f33d3bcabe8e115a196b/execute/sync - {"script":"return (function getScreenDimensions() {\n    var body = document.body;\n    var html = document.documentElement;\n    var bodyDimensions = {\n        scrollHeight: body == null ? 0 : body.scrollHeight,\n  ... (1101 more bytes)","args":[]}
RESULT: {"script":"return (function getScreenDimensions() {\n    var body = document.body;\n    var html = document.documentElement;\n    var bodyDimensions = {\n        scrollHeight: body == null ? 0 : body.scrollHeight,\n  ... (1101 more bytes)","args":[]}
COMMAND: GET /session/47b76ea039a9f33d3bcabe8e115a196b/screenshot - {}
RESULT: {}
COMMAND: POST /session/47b76ea039a9f33d3bcabe8e115a196b/execute/sync - {"script":"return (function hideScrollBars(hide) {\n    try {\n        if (hide) {\n            document.body.style.overflow = 'hidden';\n        }\n        else {\n            document.body.style.overflow = '';\n        }\n    }\n    catch (e) {\n    }\n}).apply(null, arguments)","args":[false]}
RESULT: {"script":"return (function hideScrollBars(hide) {\n    try {\n        if (hide) {\n            document.body.style.overflow = 'hidden';\n        }\n        else {\n            document.body.style.overflow = '';\n        }\n    }\n    catch (e) {\n    }\n}).apply(null, arguments)","args":[false]}
RESULT: undefined
COMMAND: POST /session/47b76ea039a9f33d3bcabe8e115a196b/window/maximize - {}
COMMAND: DELETE /session/47b76ea039a9f33d3bcabe8e115a196b/cookie - {}
COMMAND: POST /session/47b76ea039a9f33d3bcabe8e115a196b/execute/sync - {"script":"return (() => document.readyState === 'complete').apply(null, arguments)","args":[]}
COMMAND: POST /session/47b76ea039a9f33d3bcabe8e115a196b/element - {"using":"xpath","value":"//div[@aria-label=\"Agency info\" and @class=\"_948d9e0a e6c84807 _95d4067f\"]"}
COMMAND: POST /session/47b76ea039a9f33d3bcabe8e115a196b/url - {"url":"https://www.bayut.com/property/details-6331676.html"}
RESULT: {}
RESULT: {}
RESULT: {"script":"return (() => document.readyState === 'complete').apply(null, arguments)","args":[]}
RESULT: {"using":"xpath","value":"//div[@aria-label=\"Agency info\" and @class=\"_948d9e0a e6c84807 _95d4067f\"]"}
COMMAND: POST /session/47b76ea039a9f33d3bcabe8e115a196b/elements - {"using":"xpath","value":"//div[@aria-label=\"Agency info\" and @class=\"_948d9e0a e6c84807 _95d4067f\"]"}
RESULT: {"url":"https://www.bayut.com/property/details-6331676.html"}
RESULT: {"using":"xpath","value":"//div[@aria-label=\"Agency info\" and @class=\"_948d9e0a e6c84807 _95d4067f\"]"}
COMMAND: GET /session/47b76ea039a9f33d3bcabe8e115a196b/element/f.217BB496CC704454101C753842561FDE.d.D78C36737D7494886435AB4579DEAE78.e.68/rect - {}
COMMAND: POST /session/47b76ea039a9f33d3bcabe8e115a196b/element - {"using":"xpath","value":"//div[@aria-label=\"Agency info\" and @class=\"_948d9e0a e6c84807 _95d4067f\"]"}
RESULT: {"using":"xpath","value":"//div[@aria-label=\"Agency info\" and @class=\"_948d9e0a e6c84807 _95d4067f\"]"}
COMMAND: GET /session/47b76ea039a9f33d3bcabe8e115a196b/element/f.217BB496CC704454101C753842561FDE.d.B137CA89EC244FDD90AAE6A4C9B29AB0.e.64/rect - {}
RESULT: {}
COMMAND: GET /session/47b76ea039a9f33d3bcabe8e115a196b/window/rect - {}
RESULT: {}
COMMAND: POST /session/47b76ea039a9f33d3bcabe8e115a196b/execute/sync - {"script":"return (() => [\n        window.scrollX, window.scrollY\n    ]).apply(null, arguments)","args":[]}
RESULT: {"script":"return (() => [\n        window.scrollX, window.scrollY\n    ]).apply(null, arguments)","args":[]}
COMMAND: POST /session/47b76ea039a9f33d3bcabe8e115a196b/actions - {"actions":[{"id":"action3","type":"wheel","parameters":{},"actions":[{"type":"scroll","x":0,"y":0,"deltaX":-194,"deltaY":775,"duration":200,"origin":{"element-6066-11e4-a52e-4f735466cecf":"f.217BB496CC704454101C753842561FDE.d.D78C36737D7494886435AB4579DEAE78.e.68"}}]}]}
COMMAND: POST /session/47b76ea039a9f33d3bcabe8e115a196b/execute/sync - {"script":"return ((elem, options) => elem.scrollIntoView(options)).apply(null, arguments)","args":[{"element-6066-11e4-a52e-4f735466cecf":"f.217BB496CC704454101C753842561FDE.d.B137CA89EC244FDD90AAE6A4C9B29AB0.e.64","ELEMENT":"f.217BB496CC704454101C753842561FDE.d.B137CA89EC244FDD90AAE6A4C9B29AB0.e.64"},{"block":"start","inline":"nearest"}]}
RESULT: {"script":"return ((elem, options) => elem.scrollIntoView(options)).apply(null, arguments)","args":[{"element-6066-11e4-a52e-4f735466cecf":"f.217BB496CC704454101C753842561FDE.d.B137CA89EC244FDD90AAE6A4C9B29AB0.e.64","ELEMENT":"f.217BB496CC704454101C753842561FDE.d.B137CA89EC244FDD90AAE6A4C9B29AB0.e.64"},{"block":"start","inline":"nearest"}]}
COMMAND: POST /session/47b76ea039a9f33d3bcabe8e115a196b/execute/sync - {"script":"return (function hideScrollBars(hide) {\n    try {\n        if (hide) {\n            document.body.style.overflow = 'hidden';\n        }\n        else {\n            document.body.style.overflow = '';\n        }\n    }\n    catch (e) {\n    }\n}).apply(null, arguments)","args":[true]}
RESULT: {"script":"return (function hideScrollBars(hide) {\n    try {\n        if (hide) {\n            document.body.style.overflow = 'hidden';\n        }\n        else {\n            document.body.style.overflow = '';\n        }\n    }\n    catch (e) {\n    }\n}).apply(null, arguments)","args":[true]}
COMMAND: POST /session/47b76ea039a9f33d3bcabe8e115a196b/execute/sync - {"script":"return (function getScreenDimensions() {\n    var body = document.body;\n    var html = document.documentElement;\n    var bodyDimensions = {\n        scrollHeight: body == null ? 0 : body.scrollHeight,\n  ... (1101 more bytes)","args":[]}
RESULT: {"script":"return (function getScreenDimensions() {\n    var body = document.body;\n    var html = document.documentElement;\n    var bodyDimensions = {\n        scrollHeight: body == null ? 0 : body.scrollHeight,\n  ... (1101 more bytes)","args":[]}
COMMAND: GET /session/47b76ea039a9f33d3bcabe8e115a196b/screenshot - {}
RESULT: {}
COMMAND: POST /session/47b76ea039a9f33d3bcabe8e115a196b/execute/sync - {"script":"return (function hideScrollBars(hide) {\n    try {\n        if (hide) {\n            document.body.style.overflow = 'hidden';\n        }\n        else {\n            document.body.style.overflow = '';\n        }\n    }\n    catch (e) {\n    }\n}).apply(null, arguments)","args":[false]}
RESULT: {"script":"return (function hideScrollBars(hide) {\n    try {\n        if (hide) {\n            document.body.style.overflow = 'hidden';\n        }\n        else {\n            document.body.style.overflow = '';\n        }\n    }\n    catch (e) {\n    }\n}).apply(null, arguments)","args":[false]}
RESULT: undefined
COMMAND: DELETE /session/47b76ea039a9f33d3bcabe8e115a196b - {}
RESULT: {}
]]></system-out>
    </testcase>
  </testsuite>
</testsuites>