<?xml version="1.0" encoding="UTF-8"?>
<testsuites tests="1" failures="0" errors="0" skipped="0">
  <testsuite name="Detail Page Suite" timestamp="2024-07-24T11:54:25" time="13.782" tests="1" failures="0" errors="0" skipped="0">
    <properties>
      <property name="specId" value="0"/>
      <property name="suiteName" value="Detail Page Suite"/>
      <property name="capabilities" value="chrome.126_0_6478_128.windows"/>
      <property name="file" value="file:///C:/Users/ahsham.khan/Desktop/WebDriver/BayutVisuals/test/specs/DetailPage.specs.js"/>
    </properties>
    <testcase classname="chrome.126_0_6478_128.windows.Detail_Page_Suite" name="Verify Agent Agency card" time="13.773">
      <system-out><![CDATA[
COMMAND: POST /session/88d6bcf4e36ebb1240d16a7695fb6321/window/maximize - {}
COMMAND: DELETE /session/88d6bcf4e36ebb1240d16a7695fb6321/cookie - {}
COMMAND: POST /session/88d6bcf4e36ebb1240d16a7695fb6321/element - {"using":"xpath","value":"//div[@aria-label=\"Agency info\" and @class=\"_948d9e0a e6c84807 _95d4067f\"]"}
COMMAND: POST /session/88d6bcf4e36ebb1240d16a7695fb6321/url - {"url":"https://sl:getin1@stage.bayut.sector.run/property/details-6331676.html"}
RESULT: {}
RESULT: {}
RESULT: {"using":"xpath","value":"//div[@aria-label=\"Agency info\" and @class=\"_948d9e0a e6c84807 _95d4067f\"]"}
COMMAND: POST /session/88d6bcf4e36ebb1240d16a7695fb6321/elements - {"using":"xpath","value":"//div[@aria-label=\"Agency info\" and @class=\"_948d9e0a e6c84807 _95d4067f\"]"}
RESULT: {"url":"https://sl:getin1@stage.bayut.sector.run/property/details-6331676.html"}
RESULT: {"using":"xpath","value":"//div[@aria-label=\"Agency info\" and @class=\"_948d9e0a e6c84807 _95d4067f\"]"}
COMMAND: POST /session/88d6bcf4e36ebb1240d16a7695fb6321/elements - {"using":"xpath","value":"//div[@aria-label=\"Agency info\" and @class=\"_948d9e0a e6c84807 _95d4067f\"]"}
RESULT: {"using":"xpath","value":"//div[@aria-label=\"Agency info\" and @class=\"_948d9e0a e6c84807 _95d4067f\"]"}
COMMAND: POST /session/88d6bcf4e36ebb1240d16a7695fb6321/element - {"using":"xpath","value":"//div[@aria-label=\"Agency info\" and @class=\"_948d9e0a e6c84807 _95d4067f\"]"}
RESULT: {"using":"xpath","value":"//div[@aria-label=\"Agency info\" and @class=\"_948d9e0a e6c84807 _95d4067f\"]"}
COMMAND: GET /session/88d6bcf4e36ebb1240d16a7695fb6321/element/f.BB3480FD72B3A036A10A560A527C8AB3.d.5F527C858446544393EE8AC955F78E90.e.68/rect - {}
RESULT: {}
COMMAND: GET /session/88d6bcf4e36ebb1240d16a7695fb6321/window/rect - {}
RESULT: {}
COMMAND: POST /session/88d6bcf4e36ebb1240d16a7695fb6321/execute/sync - {"script":"return (() => [\n        window.scrollX, window.scrollY\n    ]).apply(null, arguments)","args":[]}
RESULT: {"script":"return (() => [\n        window.scrollX, window.scrollY\n    ]).apply(null, arguments)","args":[]}
COMMAND: POST /session/88d6bcf4e36ebb1240d16a7695fb6321/actions - {"actions":[{"id":"action1","type":"wheel","parameters":{},"actions":[{"type":"scroll","x":0,"y":0,"deltaX":-194,"deltaY":775,"duration":200,"origin":{"element-6066-11e4-a52e-4f735466cecf":"f.BB3480FD72B3A036A10A560A527C8AB3.d.5F527C858446544393EE8AC955F78E90.e.68"}}]}]}
RESULT: {"actions":[{"id":"action1","type":"wheel","parameters":{},"actions":[{"type":"scroll","x":0,"y":0,"deltaX":-194,"deltaY":775,"duration":200,"origin":{"element-6066-11e4-a52e-4f735466cecf":"f.BB3480FD72B3A036A10A560A527C8AB3.d.5F527C858446544393EE8AC955F78E90.e.68"}}]}]}
COMMAND: DELETE /session/88d6bcf4e36ebb1240d16a7695fb6321/actions - {}
RESULT: {}
COMMAND: POST /session/88d6bcf4e36ebb1240d16a7695fb6321/execute/sync - {"script":"return (function hideScrollBars(hide) {\n    try {\n        if (hide) {\n            document.body.style.overflow = 'hidden';\n        }\n        else {\n            document.body.style.overflow = '';\n        }\n    }\n    catch (e) {\n    }\n}).apply(null, arguments)","args":[true]}
RESULT: {"script":"return (function hideScrollBars(hide) {\n    try {\n        if (hide) {\n            document.body.style.overflow = 'hidden';\n        }\n        else {\n            document.body.style.overflow = '';\n        }\n    }\n    catch (e) {\n    }\n}).apply(null, arguments)","args":[true]}
COMMAND: POST /session/88d6bcf4e36ebb1240d16a7695fb6321/execute/sync - {"script":"return (function getScreenDimensions() {\n    var body = document.body;\n    var html = document.documentElement;\n    var bodyDimensions = {\n        scrollHeight: body == null ? 0 : body.scrollHeight,\n  ... (1101 more bytes)","args":[]}
RESULT: {"script":"return (function getScreenDimensions() {\n    var body = document.body;\n    var html = document.documentElement;\n    var bodyDimensions = {\n        scrollHeight: body == null ? 0 : body.scrollHeight,\n  ... (1101 more bytes)","args":[]}
COMMAND: GET /session/88d6bcf4e36ebb1240d16a7695fb6321/screenshot - {}
RESULT: {}
COMMAND: POST /session/88d6bcf4e36ebb1240d16a7695fb6321/execute/sync - {"script":"return (function hideScrollBars(hide) {\n    try {\n        if (hide) {\n            document.body.style.overflow = 'hidden';\n        }\n        else {\n            document.body.style.overflow = '';\n        }\n    }\n    catch (e) {\n    }\n}).apply(null, arguments)","args":[false]}
RESULT: {"script":"return (function hideScrollBars(hide) {\n    try {\n        if (hide) {\n            document.body.style.overflow = 'hidden';\n        }\n        else {\n            document.body.style.overflow = '';\n        }\n    }\n    catch (e) {\n    }\n}).apply(null, arguments)","args":[false]}
RESULT: undefined
COMMAND: POST /session/88d6bcf4e36ebb1240d16a7695fb6321/window/maximize - {}
COMMAND: DELETE /session/88d6bcf4e36ebb1240d16a7695fb6321/cookie - {}
COMMAND: POST /session/88d6bcf4e36ebb1240d16a7695fb6321/execute/sync - {"script":"return (() => document.readyState === 'complete').apply(null, arguments)","args":[]}
COMMAND: POST /session/88d6bcf4e36ebb1240d16a7695fb6321/execute/sync - {"script":"return (function hideScrollBars(hide) {\n    try {\n        if (hide) {\n            document.body.style.overflow = 'hidden';\n        }\n        else {\n            document.body.style.overflow = '';\n        }\n    }\n    catch (e) {\n    }\n}).apply(null, arguments)","args":[true]}
COMMAND: POST /session/88d6bcf4e36ebb1240d16a7695fb6321/url - {"url":"https://www.bayut.com/property/details-6331676.html"}
RESULT: {}
RESULT: {}
RESULT: {"script":"return (() => document.readyState === 'complete').apply(null, arguments)","args":[]}
RESULT: {"script":"return (function hideScrollBars(hide) {\n    try {\n        if (hide) {\n            document.body.style.overflow = 'hidden';\n        }\n        else {\n            document.body.style.overflow = '';\n        }\n    }\n    catch (e) {\n    }\n}).apply(null, arguments)","args":[true]}
COMMAND: POST /session/88d6bcf4e36ebb1240d16a7695fb6321/execute/sync - {"script":"return (function getScreenDimensions() {\n    var body = document.body;\n    var html = document.documentElement;\n    var bodyDimensions = {\n        scrollHeight: body == null ? 0 : body.scrollHeight,\n  ... (1101 more bytes)","args":[]}
RESULT: {"url":"https://www.bayut.com/property/details-6331676.html"}
RESULT: {"script":"return (function getScreenDimensions() {\n    var body = document.body;\n    var html = document.documentElement;\n    var bodyDimensions = {\n        scrollHeight: body == null ? 0 : body.scrollHeight,\n  ... (1101 more bytes)","args":[]}
COMMAND: GET /session/88d6bcf4e36ebb1240d16a7695fb6321/screenshot - {}
RESULT: {}
COMMAND: POST /session/88d6bcf4e36ebb1240d16a7695fb6321/execute/sync - {"script":"return (function hideScrollBars(hide) {\n    try {\n        if (hide) {\n            document.body.style.overflow = 'hidden';\n        }\n        else {\n            document.body.style.overflow = '';\n        }\n    }\n    catch (e) {\n    }\n}).apply(null, arguments)","args":[false]}
RESULT: {"script":"return (function hideScrollBars(hide) {\n    try {\n        if (hide) {\n            document.body.style.overflow = 'hidden';\n        }\n        else {\n            document.body.style.overflow = '';\n        }\n    }\n    catch (e) {\n    }\n}).apply(null, arguments)","args":[false]}
RESULT: undefined
COMMAND: DELETE /session/88d6bcf4e36ebb1240d16a7695fb6321 - {}
RESULT: {}
]]></system-out>
    </testcase>
  </testsuite>
</testsuites>